Running all sessions
WARNING: Logging before flag parsing goes to stderr.
W1116 16:45:53.484764 140150380754752 deprecation_wrapper.py:119] From gen_control_Koopman_SHARA_addition.py:127: The name tf.InteractiveSession is deprecated. Please use tf.compat.v1.InteractiveSession instead.

2020-11-16 16:45:53.498735: I tensorflow/core/platform/cpu_feature_guard.cc:142] Your CPU supports instructions that this TensorFlow binary was not compiled to use: AVX2 FMA
2020-11-16 16:45:53.505788: I tensorflow/stream_executor/platform/default/dso_loader.cc:42] Successfully opened dynamic library libcuda.so.1
WARNING: Logging before flag parsing goes to stderr.
W1116 16:45:53.510023 139787132294976 deprecation_wrapper.py:119] From gen_control_Koopman_SHARA_addition.py:127: The name tf.InteractiveSession is deprecated. Please use tf.compat.v1.InteractiveSession instead.

WARNING: Logging before flag parsing goes to stderr.
W1116 16:45:53.522556 140377349224256 deprecation_wrapper.py:119] From gen_control_Koopman_SHARA_addition.py:127: The name tf.InteractiveSession is deprecated. Please use tf.compat.v1.InteractiveSession instead.

2020-11-16 16:45:53.523871: I tensorflow/core/platform/cpu_feature_guard.cc:142] Your CPU supports instructions that this TensorFlow binary was not compiled to use: AVX2 FMA
WARNING: Logging before flag parsing goes to stderr.
W1116 16:45:53.526986 140609686923072 deprecation_wrapper.py:119] From gen_control_Koopman_SHARA_addition.py:127: The name tf.InteractiveSession is deprecated. Please use tf.compat.v1.InteractiveSession instead.

WARNING: Logging before flag parsing goes to stderr.
W1116 16:45:53.530660 139920323749696 deprecation_wrapper.py:119] From gen_control_Koopman_SHARA_addition.py:127: The name tf.InteractiveSession is deprecated. Please use tf.compat.v1.InteractiveSession instead.

2020-11-16 16:45:53.533458: I tensorflow/stream_executor/platform/default/dso_loader.cc:42] Successfully opened dynamic library libcuda.so.1
2020-11-16 16:45:53.536596: I tensorflow/core/platform/cpu_feature_guard.cc:142] Your CPU supports instructions that this TensorFlow binary was not compiled to use: AVX2 FMA
WARNING: Logging before flag parsing goes to stderr.
W1116 16:45:53.537327 140429660911424 deprecation_wrapper.py:119] From gen_control_Koopman_SHARA_addition.py:127: The name tf.InteractiveSession is deprecated. Please use tf.compat.v1.InteractiveSession instead.

2020-11-16 16:45:53.541318: I tensorflow/core/platform/cpu_feature_guard.cc:142] Your CPU supports instructions that this TensorFlow binary was not compiled to use: AVX2 FMA
2020-11-16 16:45:53.544759: I tensorflow/core/platform/cpu_feature_guard.cc:142] Your CPU supports instructions that this TensorFlow binary was not compiled to use: AVX2 FMA
2020-11-16 16:45:53.548987: I tensorflow/stream_executor/platform/default/dso_loader.cc:42] Successfully opened dynamic library libcuda.so.1
2020-11-16 16:45:53.549205: I tensorflow/stream_executor/platform/default/dso_loader.cc:42] Successfully opened dynamic library libcuda.so.1
2020-11-16 16:45:53.551707: I tensorflow/core/platform/cpu_feature_guard.cc:142] Your CPU supports instructions that this TensorFlow binary was not compiled to use: AVX2 FMA
2020-11-16 16:45:53.557941: I tensorflow/stream_executor/platform/default/dso_loader.cc:42] Successfully opened dynamic library libcuda.so.1
WARNING: Logging before flag parsing goes to stderr.
W1116 16:45:53.559012 140289097381696 deprecation_wrapper.py:119] From gen_control_Koopman_SHARA_addition.py:127: The name tf.InteractiveSession is deprecated. Please use tf.compat.v1.InteractiveSession instead.

2020-11-16 16:45:53.560451: I tensorflow/stream_executor/platform/default/dso_loader.cc:42] Successfully opened dynamic library libcuda.so.1
WARNING: Logging before flag parsing goes to stderr.
W1116 16:45:53.561253 140515352155968 deprecation_wrapper.py:119] From gen_control_Koopman_SHARA_addition.py:127: The name tf.InteractiveSession is deprecated. Please use tf.compat.v1.InteractiveSession instead.

2020-11-16 16:45:53.573073: I tensorflow/core/platform/cpu_feature_guard.cc:142] Your CPU supports instructions that this TensorFlow binary was not compiled to use: AVX2 FMA
2020-11-16 16:45:53.575191: I tensorflow/core/platform/cpu_feature_guard.cc:142] Your CPU supports instructions that this TensorFlow binary was not compiled to use: AVX2 FMA
WARNING: Logging before flag parsing goes to stderr.
W1116 16:45:53.576757 140311320561472 deprecation_wrapper.py:119] From gen_control_Koopman_SHARA_addition.py:127: The name tf.InteractiveSession is deprecated. Please use tf.compat.v1.InteractiveSession instead.

WARNING: Logging before flag parsing goes to stderr.
W1116 16:45:53.578231 139782253610816 deprecation_wrapper.py:119] From gen_control_Koopman_SHARA_addition.py:127: The name tf.InteractiveSession is deprecated. Please use tf.compat.v1.InteractiveSession instead.

2020-11-16 16:45:53.582065: I tensorflow/stream_executor/platform/default/dso_loader.cc:42] Successfully opened dynamic library libcuda.so.1
WARNING: Logging before flag parsing goes to stderr.
W1116 16:45:53.582322 140578307020608 deprecation_wrapper.py:119] From gen_control_Koopman_SHARA_addition.py:127: The name tf.InteractiveSession is deprecated. Please use tf.compat.v1.InteractiveSession instead.

2020-11-16 16:45:53.586079: I tensorflow/stream_executor/platform/default/dso_loader.cc:42] Successfully opened dynamic library libcuda.so.1
2020-11-16 16:45:53.590849: I tensorflow/core/platform/cpu_feature_guard.cc:142] Your CPU supports instructions that this TensorFlow binary was not compiled to use: AVX2 FMA
2020-11-16 16:45:53.592243: I tensorflow/core/platform/cpu_feature_guard.cc:142] Your CPU supports instructions that this TensorFlow binary was not compiled to use: AVX2 FMA
2020-11-16 16:45:53.596138: I tensorflow/core/platform/cpu_feature_guard.cc:142] Your CPU supports instructions that this TensorFlow binary was not compiled to use: AVX2 FMA
2020-11-16 16:45:53.601491: I tensorflow/stream_executor/platform/default/dso_loader.cc:42] Successfully opened dynamic library libcuda.so.1
2020-11-16 16:45:53.602798: I tensorflow/stream_executor/platform/default/dso_loader.cc:42] Successfully opened dynamic library libcuda.so.1
2020-11-16 16:45:53.606471: I tensorflow/stream_executor/platform/default/dso_loader.cc:42] Successfully opened dynamic library libcuda.so.1
WARNING: Logging before flag parsing goes to stderr.
W1116 16:45:53.609340 139710198929216 deprecation_wrapper.py:119] From gen_control_Koopman_SHARA_addition.py:127: The name tf.InteractiveSession is deprecated. Please use tf.compat.v1.InteractiveSession instead.

2020-11-16 16:45:53.623457: I tensorflow/core/platform/cpu_feature_guard.cc:142] Your CPU supports instructions that this TensorFlow binary was not compiled to use: AVX2 FMA
2020-11-16 16:45:53.633350: I tensorflow/stream_executor/platform/default/dso_loader.cc:42] Successfully opened dynamic library libcuda.so.1
2020-11-16 16:46:11.251854: I tensorflow/compiler/xla/service/service.cc:168] XLA service 0x55d2e30 executing computations on platform CUDA. Devices:
2020-11-16 16:46:11.251900: I tensorflow/compiler/xla/service/service.cc:175]   StreamExecutor device (0): Tesla V100-DGXS-32GB, Compute Capability 7.0
2020-11-16 16:46:11.251908: I tensorflow/compiler/xla/service/service.cc:175]   StreamExecutor device (1): Tesla V100-DGXS-32GB, Compute Capability 7.0
2020-11-16 16:46:11.251914: I tensorflow/compiler/xla/service/service.cc:175]   StreamExecutor device (2): Tesla V100-DGXS-32GB, Compute Capability 7.0
2020-11-16 16:46:11.251920: I tensorflow/compiler/xla/service/service.cc:175]   StreamExecutor device (3): Tesla V100-DGXS-32GB, Compute Capability 7.0
2020-11-16 16:46:11.271994: I tensorflow/core/platform/profile_utils/cpu_utils.cc:94] CPU Frequency: 2198800000 Hz
2020-11-16 16:46:11.274881: I tensorflow/compiler/xla/service/service.cc:168] XLA service 0x61ff7e0 executing computations on platform Host. Devices:
2020-11-16 16:46:11.274928: I tensorflow/compiler/xla/service/service.cc:175]   StreamExecutor device (0): <undefined>, <undefined>
2020-11-16 16:46:11.306690: I tensorflow/core/common_runtime/gpu/gpu_device.cc:1640] Found device 0 with properties: 
name: Tesla V100-DGXS-32GB major: 7 minor: 0 memoryClockRate(GHz): 1.53
pciBusID: 0000:07:00.0
2020-11-16 16:46:11.337191: I tensorflow/core/common_runtime/gpu/gpu_device.cc:1640] Found device 1 with properties: 
name: Tesla V100-DGXS-32GB major: 7 minor: 0 memoryClockRate(GHz): 1.53
pciBusID: 0000:08:00.0
2020-11-16 16:46:11.366848: I tensorflow/core/common_runtime/gpu/gpu_device.cc:1640] Found device 2 with properties: 
name: Tesla V100-DGXS-32GB major: 7 minor: 0 memoryClockRate(GHz): 1.53
pciBusID: 0000:0e:00.0
2020-11-16 16:46:11.406462: I tensorflow/core/common_runtime/gpu/gpu_device.cc:1640] Found device 3 with properties: 
name: Tesla V100-DGXS-32GB major: 7 minor: 0 memoryClockRate(GHz): 1.53
pciBusID: 0000:0f:00.0
2020-11-16 16:46:11.406868: I tensorflow/stream_executor/platform/default/dso_loader.cc:42] Successfully opened dynamic library libcudart.so.10.0
2020-11-16 16:46:11.408751: I tensorflow/stream_executor/platform/default/dso_loader.cc:42] Successfully opened dynamic library libcublas.so.10.0
2020-11-16 16:46:11.410319: I tensorflow/stream_executor/platform/default/dso_loader.cc:42] Successfully opened dynamic library libcufft.so.10.0
2020-11-16 16:46:11.410859: I tensorflow/stream_executor/platform/default/dso_loader.cc:42] Successfully opened dynamic library libcurand.so.10.0
2020-11-16 16:46:11.414558: I tensorflow/stream_executor/platform/default/dso_loader.cc:42] Successfully opened dynamic library libcusolver.so.10.0
2020-11-16 16:46:11.417620: I tensorflow/stream_executor/platform/default/dso_loader.cc:42] Successfully opened dynamic library libcusparse.so.10.0
2020-11-16 16:46:11.423925: I tensorflow/stream_executor/platform/default/dso_loader.cc:42] Successfully opened dynamic library libcudnn.so.7
2020-11-16 16:46:11.633193: I tensorflow/core/common_runtime/gpu/gpu_device.cc:1763] Adding visible gpu devices: 0, 1, 2, 3
2020-11-16 16:46:11.633345: I tensorflow/stream_executor/platform/default/dso_loader.cc:42] Successfully opened dynamic library libcudart.so.10.0
2020-11-16 16:46:11.730732: I tensorflow/core/common_runtime/gpu/gpu_device.cc:1181] Device interconnect StreamExecutor with strength 1 edge matrix:
2020-11-16 16:46:11.730802: I tensorflow/core/common_runtime/gpu/gpu_device.cc:1187]      0 1 2 3 
2020-11-16 16:46:11.730819: I tensorflow/core/common_runtime/gpu/gpu_device.cc:1200] 0:   N Y Y Y 
2020-11-16 16:46:11.730831: I tensorflow/core/common_runtime/gpu/gpu_device.cc:1200] 1:   Y N Y Y 
2020-11-16 16:46:11.730842: I tensorflow/core/common_runtime/gpu/gpu_device.cc:1200] 2:   Y Y N Y 
2020-11-16 16:46:11.730852: I tensorflow/core/common_runtime/gpu/gpu_device.cc:1200] 3:   Y Y Y N 
2020-11-16 16:46:11.742213: I tensorflow/compiler/xla/service/service.cc:168] XLA service 0x44270b0 executing computations on platform CUDA. Devices:
2020-11-16 16:46:11.742274: I tensorflow/compiler/xla/service/service.cc:175]   StreamExecutor device (0): Tesla V100-DGXS-32GB, Compute Capability 7.0
2020-11-16 16:46:11.742290: I tensorflow/compiler/xla/service/service.cc:175]   StreamExecutor device (1): Tesla V100-DGXS-32GB, Compute Capability 7.0
2020-11-16 16:46:11.742301: I tensorflow/compiler/xla/service/service.cc:175]   StreamExecutor device (2): Tesla V100-DGXS-32GB, Compute Capability 7.0
2020-11-16 16:46:11.742311: I tensorflow/compiler/xla/service/service.cc:175]   StreamExecutor device (3): Tesla V100-DGXS-32GB, Compute Capability 7.0
2020-11-16 16:46:11.747850: I tensorflow/core/platform/profile_utils/cpu_utils.cc:94] CPU Frequency: 2198800000 Hz
2020-11-16 16:46:11.751619: I tensorflow/compiler/xla/service/service.cc:168] XLA service 0x5085ce0 executing computations on platform Host. Devices:
2020-11-16 16:46:11.751666: I tensorflow/compiler/xla/service/service.cc:175]   StreamExecutor device (0): <undefined>, <undefined>
2020-11-16 16:46:11.776687: I tensorflow/core/common_runtime/gpu/gpu_device.cc:1640] Found device 0 with properties: 
name: Tesla V100-DGXS-32GB major: 7 minor: 0 memoryClockRate(GHz): 1.53
pciBusID: 0000:07:00.0
2020-11-16 16:46:11.798150: I tensorflow/core/common_runtime/gpu/gpu_device.cc:1640] Found device 1 with properties: 
name: Tesla V100-DGXS-32GB major: 7 minor: 0 memoryClockRate(GHz): 1.53
pciBusID: 0000:08:00.0
2020-11-16 16:46:11.805582: I tensorflow/compiler/xla/service/service.cc:168] XLA service 0x3afa840 executing computations on platform CUDA. Devices:
2020-11-16 16:46:11.805631: I tensorflow/compiler/xla/service/service.cc:175]   StreamExecutor device (0): Tesla V100-DGXS-32GB, Compute Capability 7.0
2020-11-16 16:46:11.805644: I tensorflow/compiler/xla/service/service.cc:175]   StreamExecutor device (1): Tesla V100-DGXS-32GB, Compute Capability 7.0
2020-11-16 16:46:11.805655: I tensorflow/compiler/xla/service/service.cc:175]   StreamExecutor device (2): Tesla V100-DGXS-32GB, Compute Capability 7.0
2020-11-16 16:46:11.805664: I tensorflow/compiler/xla/service/service.cc:175]   StreamExecutor device (3): Tesla V100-DGXS-32GB, Compute Capability 7.0
2020-11-16 16:46:11.810293: I tensorflow/core/platform/profile_utils/cpu_utils.cc:94] CPU Frequency: 2198800000 Hz
2020-11-16 16:46:11.813923: I tensorflow/compiler/xla/service/service.cc:168] XLA service 0x47181c0 executing computations on platform Host. Devices:
2020-11-16 16:46:11.813979: I tensorflow/compiler/xla/service/service.cc:175]   StreamExecutor device (0): <undefined>, <undefined>
2020-11-16 16:46:11.818852: I tensorflow/core/common_runtime/gpu/gpu_device.cc:1640] Found device 2 with properties: 
name: Tesla V100-DGXS-32GB major: 7 minor: 0 memoryClockRate(GHz): 1.53
pciBusID: 0000:0e:00.0
2020-11-16 16:46:11.819310: I tensorflow/compiler/xla/service/service.cc:168] XLA service 0x4c52b70 executing computations on platform CUDA. Devices:
2020-11-16 16:46:11.819361: I tensorflow/compiler/xla/service/service.cc:175]   StreamExecutor device (0): Tesla V100-DGXS-32GB, Compute Capability 7.0
2020-11-16 16:46:11.819376: I tensorflow/compiler/xla/service/service.cc:175]   StreamExecutor device (1): Tesla V100-DGXS-32GB, Compute Capability 7.0
2020-11-16 16:46:11.819389: I tensorflow/compiler/xla/service/service.cc:175]   StreamExecutor device (2): Tesla V100-DGXS-32GB, Compute Capability 7.0
2020-11-16 16:46:11.819400: I tensorflow/compiler/xla/service/service.cc:175]   StreamExecutor device (3): Tesla V100-DGXS-32GB, Compute Capability 7.0
2020-11-16 16:46:11.824676: I tensorflow/core/platform/profile_utils/cpu_utils.cc:94] CPU Frequency: 2198800000 Hz
2020-11-16 16:46:11.827956: I tensorflow/compiler/xla/service/service.cc:168] XLA service 0x58b0a60 executing computations on platform Host. Devices:
2020-11-16 16:46:11.828011: I tensorflow/compiler/xla/service/service.cc:175]   StreamExecutor device (0): <undefined>, <undefined>
2020-11-16 16:46:11.836693: I tensorflow/core/common_runtime/gpu/gpu_device.cc:1640] Found device 0 with properties: 
name: Tesla V100-DGXS-32GB major: 7 minor: 0 memoryClockRate(GHz): 1.53
pciBusID: 0000:07:00.0
2020-11-16 16:46:11.841026: I tensorflow/compiler/xla/service/service.cc:168] XLA service 0x46dca60 executing computations on platform CUDA. Devices:
2020-11-16 16:46:11.841081: I tensorflow/compiler/xla/service/service.cc:175]   StreamExecutor device (0): Tesla V100-DGXS-32GB, Compute Capability 7.0
2020-11-16 16:46:11.841096: I tensorflow/compiler/xla/service/service.cc:175]   StreamExecutor device (1): Tesla V100-DGXS-32GB, Compute Capability 7.0
2020-11-16 16:46:11.841107: I tensorflow/compiler/xla/service/service.cc:175]   StreamExecutor device (2): Tesla V100-DGXS-32GB, Compute Capability 7.0
2020-11-16 16:46:11.841118: I tensorflow/compiler/xla/service/service.cc:175]   StreamExecutor device (3): Tesla V100-DGXS-32GB, Compute Capability 7.0
2020-11-16 16:46:11.842005: I tensorflow/core/common_runtime/gpu/gpu_device.cc:1640] Found device 3 with properties: 
name: Tesla V100-DGXS-32GB major: 7 minor: 0 memoryClockRate(GHz): 1.53
pciBusID: 0000:0f:00.0
2020-11-16 16:46:11.842481: I tensorflow/stream_executor/platform/default/dso_loader.cc:42] Successfully opened dynamic library libcudart.so.10.0
2020-11-16 16:46:11.844967: I tensorflow/stream_executor/platform/default/dso_loader.cc:42] Successfully opened dynamic library libcublas.so.10.0
2020-11-16 16:46:11.846214: I tensorflow/core/platform/profile_utils/cpu_utils.cc:94] CPU Frequency: 2198800000 Hz
2020-11-16 16:46:11.847108: I tensorflow/stream_executor/platform/default/dso_loader.cc:42] Successfully opened dynamic library libcufft.so.10.0
2020-11-16 16:46:11.847679: I tensorflow/stream_executor/platform/default/dso_loader.cc:42] Successfully opened dynamic library libcurand.so.10.0
2020-11-16 16:46:11.849585: I tensorflow/core/common_runtime/gpu/gpu_device.cc:1640] Found device 0 with properties: 
name: Tesla V100-DGXS-32GB major: 7 minor: 0 memoryClockRate(GHz): 1.53
pciBusID: 0000:07:00.0
2020-11-16 16:46:11.849862: I tensorflow/compiler/xla/service/service.cc:168] XLA service 0x52fbfe0 executing computations on platform Host. Devices:
2020-11-16 16:46:11.849910: I tensorflow/compiler/xla/service/service.cc:175]   StreamExecutor device (0): <undefined>, <undefined>
2020-11-16 16:46:11.849950: I tensorflow/core/common_runtime/gpu/gpu_device.cc:1326] Created TensorFlow device (/job:localhost/replica:0/task:0/device:GPU:0 with 25340 MB memory) -> physical GPU (device: 0, name: Tesla V100-DGXS-32GB, pci bus id: 0000:07:00.0, compute capability: 7.0)
2020-11-16 16:46:11.850650: I tensorflow/stream_executor/platform/default/dso_loader.cc:42] Successfully opened dynamic library libcusolver.so.10.0
2020-11-16 16:46:11.852529: I tensorflow/stream_executor/platform/default/dso_loader.cc:42] Successfully opened dynamic library libcusparse.so.10.0
2020-11-16 16:46:11.855303: I tensorflow/core/common_runtime/gpu/gpu_device.cc:1640] Found device 1 with properties: 
name: Tesla V100-DGXS-32GB major: 7 minor: 0 memoryClockRate(GHz): 1.53
pciBusID: 0000:08:00.0
2020-11-16 16:46:11.856550: I tensorflow/stream_executor/platform/default/dso_loader.cc:42] Successfully opened dynamic library libcudnn.so.7
2020-11-16 16:46:11.870472: I tensorflow/core/common_runtime/gpu/gpu_device.cc:1640] Found device 1 with properties: 
name: Tesla V100-DGXS-32GB major: 7 minor: 0 memoryClockRate(GHz): 1.53
pciBusID: 0000:08:00.0
2020-11-16 16:46:11.871286: I tensorflow/core/common_runtime/gpu/gpu_device.cc:1640] Found device 0 with properties: 
name: Tesla V100-DGXS-32GB major: 7 minor: 0 memoryClockRate(GHz): 1.53
pciBusID: 0000:07:00.0
2020-11-16 16:46:11.871978: I tensorflow/core/common_runtime/gpu/gpu_device.cc:1326] Created TensorFlow device (/job:localhost/replica:0/task:0/device:GPU:1 with 26199 MB memory) -> physical GPU (device: 1, name: Tesla V100-DGXS-32GB, pci bus id: 0000:08:00.0, compute capability: 7.0)
2020-11-16 16:46:11.878260: I tensorflow/core/common_runtime/gpu/gpu_device.cc:1640] Found device 2 with properties: 
name: Tesla V100-DGXS-32GB major: 7 minor: 0 memoryClockRate(GHz): 1.53
pciBusID: 0000:0e:00.0
2020-11-16 16:46:11.887237: I tensorflow/compiler/xla/service/service.cc:168] XLA service 0x520ecb0 executing computations on platform CUDA. Devices:
2020-11-16 16:46:11.887289: I tensorflow/compiler/xla/service/service.cc:175]   StreamExecutor device (0): Tesla V100-DGXS-32GB, Compute Capability 7.0
2020-11-16 16:46:11.887304: I tensorflow/compiler/xla/service/service.cc:175]   StreamExecutor device (1): Tesla V100-DGXS-32GB, Compute Capability 7.0
2020-11-16 16:46:11.887315: I tensorflow/compiler/xla/service/service.cc:175]   StreamExecutor device (2): Tesla V100-DGXS-32GB, Compute Capability 7.0
2020-11-16 16:46:11.887326: I tensorflow/compiler/xla/service/service.cc:175]   StreamExecutor device (3): Tesla V100-DGXS-32GB, Compute Capability 7.0
2020-11-16 16:46:11.890899: I tensorflow/compiler/xla/service/service.cc:168] XLA service 0x4df95e0 executing computations on platform CUDA. Devices:
2020-11-16 16:46:11.890938: I tensorflow/compiler/xla/service/service.cc:175]   StreamExecutor device (0): Tesla V100-DGXS-32GB, Compute Capability 7.0
2020-11-16 16:46:11.890949: I tensorflow/compiler/xla/service/service.cc:175]   StreamExecutor device (1): Tesla V100-DGXS-32GB, Compute Capability 7.0
2020-11-16 16:46:11.890982: I tensorflow/compiler/xla/service/service.cc:175]   StreamExecutor device (2): Tesla V100-DGXS-32GB, Compute Capability 7.0
2020-11-16 16:46:11.890993: I tensorflow/compiler/xla/service/service.cc:175]   StreamExecutor device (3): Tesla V100-DGXS-32GB, Compute Capability 7.0
2020-11-16 16:46:11.892760: I tensorflow/core/platform/profile_utils/cpu_utils.cc:94] CPU Frequency: 2198800000 Hz
2020-11-16 16:46:11.894669: I tensorflow/core/common_runtime/gpu/gpu_device.cc:1640] Found device 2 with properties: 
name: Tesla V100-DGXS-32GB major: 7 minor: 0 memoryClockRate(GHz): 1.53
pciBusID: 0000:0e:00.0
2020-11-16 16:46:11.895230: I tensorflow/core/platform/profile_utils/cpu_utils.cc:94] CPU Frequency: 2198800000 Hz
2020-11-16 16:46:11.895679: I tensorflow/core/common_runtime/gpu/gpu_device.cc:1640] Found device 1 with properties: 
name: Tesla V100-DGXS-32GB major: 7 minor: 0 memoryClockRate(GHz): 1.53
pciBusID: 0000:08:00.0
2020-11-16 16:46:11.896123: I tensorflow/compiler/xla/service/service.cc:168] XLA service 0x5e2ce30 executing computations on platform Host. Devices:
2020-11-16 16:46:11.896180: I tensorflow/compiler/xla/service/service.cc:175]   StreamExecutor device (0): <undefined>, <undefined>
2020-11-16 16:46:11.896495: I tensorflow/core/common_runtime/gpu/gpu_device.cc:1326] Created TensorFlow device (/job:localhost/replica:0/task:0/device:GPU:2 with 26199 MB memory) -> physical GPU (device: 2, name: Tesla V100-DGXS-32GB, pci bus id: 0000:0e:00.0, compute capability: 7.0)
2020-11-16 16:46:11.898747: I tensorflow/compiler/xla/service/service.cc:168] XLA service 0x5a1c290 executing computations on platform Host. Devices:
2020-11-16 16:46:11.898792: I tensorflow/compiler/xla/service/service.cc:175]   StreamExecutor device (0): <undefined>, <undefined>
2020-11-16 16:46:11.900438: I tensorflow/core/common_runtime/gpu/gpu_device.cc:1640] Found device 3 with properties: 
name: Tesla V100-DGXS-32GB major: 7 minor: 0 memoryClockRate(GHz): 1.53
pciBusID: 0000:0f:00.0
2020-11-16 16:46:11.900918: I tensorflow/stream_executor/platform/default/dso_loader.cc:42] Successfully opened dynamic library libcudart.so.10.0
2020-11-16 16:46:11.903510: I tensorflow/stream_executor/platform/default/dso_loader.cc:42] Successfully opened dynamic library libcublas.so.10.0
2020-11-16 16:46:11.905630: I tensorflow/stream_executor/platform/default/dso_loader.cc:42] Successfully opened dynamic library libcufft.so.10.0
2020-11-16 16:46:11.906223: I tensorflow/stream_executor/platform/default/dso_loader.cc:42] Successfully opened dynamic library libcurand.so.10.0
2020-11-16 16:46:11.908687: I tensorflow/stream_executor/platform/default/dso_loader.cc:42] Successfully opened dynamic library libcusolver.so.10.0
2020-11-16 16:46:11.910169: I tensorflow/stream_executor/platform/default/dso_loader.cc:42] Successfully opened dynamic library libcusparse.so.10.0
2020-11-16 16:46:11.914408: I tensorflow/stream_executor/platform/default/dso_loader.cc:42] Successfully opened dynamic library libcudnn.so.7
2020-11-16 16:46:11.915405: I tensorflow/core/common_runtime/gpu/gpu_device.cc:1640] Found device 3 with properties: 
name: Tesla V100-DGXS-32GB major: 7 minor: 0 memoryClockRate(GHz): 1.53
pciBusID: 0000:0f:00.0
2020-11-16 16:46:11.915922: I tensorflow/stream_executor/platform/default/dso_loader.cc:42] Successfully opened dynamic library libcudart.so.10.0
2020-11-16 16:46:11.916444: I tensorflow/core/common_runtime/gpu/gpu_device.cc:1640] Found device 2 with properties: 
name: Tesla V100-DGXS-32GB major: 7 minor: 0 memoryClockRate(GHz): 1.53
pciBusID: 0000:0e:00.0
2020-11-16 16:46:11.916985: I tensorflow/core/common_runtime/gpu/gpu_device.cc:1640] Found device 0 with properties: 
name: Tesla V100-DGXS-32GB major: 7 minor: 0 memoryClockRate(GHz): 1.53
pciBusID: 0000:07:00.0
2020-11-16 16:46:11.917685: I tensorflow/core/common_runtime/gpu/gpu_device.cc:1326] Created TensorFlow device (/job:localhost/replica:0/task:0/device:GPU:3 with 26199 MB memory) -> physical GPU (device: 3, name: Tesla V100-DGXS-32GB, pci bus id: 0000:0f:00.0, compute capability: 7.0)
2020-11-16 16:46:11.918583: I tensorflow/stream_executor/platform/default/dso_loader.cc:42] Successfully opened dynamic library libcublas.so.10.0
2020-11-16 16:46:11.919252: I tensorflow/core/common_runtime/gpu/gpu_device.cc:1640] Found device 0 with properties: 
name: Tesla V100-DGXS-32GB major: 7 minor: 0 memoryClockRate(GHz): 1.53
pciBusID: 0000:07:00.0
2020-11-16 16:46:11.920661: I tensorflow/stream_executor/platform/default/dso_loader.cc:42] Successfully opened dynamic library libcufft.so.10.0
2020-11-16 16:46:11.921293: I tensorflow/stream_executor/platform/default/dso_loader.cc:42] Successfully opened dynamic library libcurand.so.10.0
W1116 16:46:11.923530 140150380754752 deprecation_wrapper.py:119] From gen_control_Koopman_SHARA_addition.py:370: The name tf.truncated_normal is deprecated. Please use tf.random.truncated_normal instead.

2020-11-16 16:46:11.924278: I tensorflow/stream_executor/platform/default/dso_loader.cc:42] Successfully opened dynamic library libcusolver.so.10.0
2020-11-16 16:46:11.926922: I tensorflow/stream_executor/platform/default/dso_loader.cc:42] Successfully opened dynamic library libcusparse.so.10.0
2020-11-16 16:46:11.931253: I tensorflow/stream_executor/platform/default/dso_loader.cc:42] Successfully opened dynamic library libcudnn.so.7
2020-11-16 16:46:11.935129: I tensorflow/core/common_runtime/gpu/gpu_device.cc:1640] Found device 3 with properties: 
name: Tesla V100-DGXS-32GB major: 7 minor: 0 memoryClockRate(GHz): 1.53
pciBusID: 0000:0f:00.0
2020-11-16 16:46:11.935545: I tensorflow/stream_executor/platform/default/dso_loader.cc:42] Successfully opened dynamic library libcudart.so.10.0
2020-11-16 16:46:11.935836: I tensorflow/core/common_runtime/gpu/gpu_device.cc:1640] Found device 1 with properties: 
name: Tesla V100-DGXS-32GB major: 7 minor: 0 memoryClockRate(GHz): 1.53
pciBusID: 0000:08:00.0
2020-11-16 16:46:11.937432: I tensorflow/core/common_runtime/gpu/gpu_device.cc:1640] Found device 1 with properties: 
name: Tesla V100-DGXS-32GB major: 7 minor: 0 memoryClockRate(GHz): 1.53
pciBusID: 0000:08:00.0
2020-11-16 16:46:11.937923: I tensorflow/stream_executor/platform/default/dso_loader.cc:42] Successfully opened dynamic library libcublas.so.10.0
2020-11-16 16:46:11.939829: I tensorflow/stream_executor/platform/default/dso_loader.cc:42] Successfully opened dynamic library libcufft.so.10.0
2020-11-16 16:46:11.940388: I tensorflow/stream_executor/platform/default/dso_loader.cc:42] Successfully opened dynamic library libcurand.so.10.0
2020-11-16 16:46:11.943165: I tensorflow/stream_executor/platform/default/dso_loader.cc:42] Successfully opened dynamic library libcusolver.so.10.0
2020-11-16 16:46:11.944910: I tensorflow/stream_executor/platform/default/dso_loader.cc:42] Successfully opened dynamic library libcusparse.so.10.0
2020-11-16 16:46:11.948461: I tensorflow/stream_executor/platform/default/dso_loader.cc:42] Successfully opened dynamic library libcudnn.so.7
2020-11-16 16:46:11.955946: I tensorflow/compiler/xla/service/service.cc:168] XLA service 0x56690e0 executing computations on platform CUDA. Devices:
2020-11-16 16:46:11.955999: I tensorflow/compiler/xla/service/service.cc:175]   StreamExecutor device (0): Tesla V100-DGXS-32GB, Compute Capability 7.0
2020-11-16 16:46:11.956014: I tensorflow/compiler/xla/service/service.cc:175]   StreamExecutor device (1): Tesla V100-DGXS-32GB, Compute Capability 7.0
2020-11-16 16:46:11.956024: I tensorflow/compiler/xla/service/service.cc:175]   StreamExecutor device (2): Tesla V100-DGXS-32GB, Compute Capability 7.0
2020-11-16 16:46:11.956035: I tensorflow/compiler/xla/service/service.cc:175]   StreamExecutor device (3): Tesla V100-DGXS-32GB, Compute Capability 7.0
2020-11-16 16:46:11.956105: I tensorflow/core/common_runtime/gpu/gpu_device.cc:1640] Found device 2 with properties: 
name: Tesla V100-DGXS-32GB major: 7 minor: 0 memoryClockRate(GHz): 1.53
pciBusID: 0000:0e:00.0
2020-11-16 16:46:11.957589: I tensorflow/core/common_runtime/gpu/gpu_device.cc:1640] Found device 2 with properties: 
name: Tesla V100-DGXS-32GB major: 7 minor: 0 memoryClockRate(GHz): 1.53
pciBusID: 0000:0e:00.0
2020-11-16 16:46:11.960001: I tensorflow/compiler/xla/service/service.cc:168] XLA service 0x490cfd0 executing computations on platform CUDA. Devices:
2020-11-16 16:46:11.960050: I tensorflow/compiler/xla/service/service.cc:175]   StreamExecutor device (0): Tesla V100-DGXS-32GB, Compute Capability 7.0
2020-11-16 16:46:11.960074: I tensorflow/compiler/xla/service/service.cc:175]   StreamExecutor device (1): Tesla V100-DGXS-32GB, Compute Capability 7.0
2020-11-16 16:46:11.960085: I tensorflow/compiler/xla/service/service.cc:175]   StreamExecutor device (2): Tesla V100-DGXS-32GB, Compute Capability 7.0
2020-11-16 16:46:11.960095: I tensorflow/compiler/xla/service/service.cc:175]   StreamExecutor device (3): Tesla V100-DGXS-32GB, Compute Capability 7.0
2020-11-16 16:46:11.960963: I tensorflow/core/platform/profile_utils/cpu_utils.cc:94] CPU Frequency: 2198800000 Hz
2020-11-16 16:46:11.962129: I tensorflow/compiler/xla/service/service.cc:168] XLA service 0x41f6790 executing computations on platform CUDA. Devices:
2020-11-16 16:46:11.962183: I tensorflow/compiler/xla/service/service.cc:175]   StreamExecutor device (0): Tesla V100-DGXS-32GB, Compute Capability 7.0
2020-11-16 16:46:11.962205: I tensorflow/compiler/xla/service/service.cc:175]   StreamExecutor device (1): Tesla V100-DGXS-32GB, Compute Capability 7.0
2020-11-16 16:46:11.962223: I tensorflow/compiler/xla/service/service.cc:175]   StreamExecutor device (2): Tesla V100-DGXS-32GB, Compute Capability 7.0
2020-11-16 16:46:11.962241: I tensorflow/compiler/xla/service/service.cc:175]   StreamExecutor device (3): Tesla V100-DGXS-32GB, Compute Capability 7.0
2020-11-16 16:46:11.964372: I tensorflow/compiler/xla/service/service.cc:168] XLA service 0x628c6c0 executing computations on platform Host. Devices:
2020-11-16 16:46:11.964420: I tensorflow/compiler/xla/service/service.cc:175]   StreamExecutor device (0): <undefined>, <undefined>
2020-11-16 16:46:11.966558: I tensorflow/core/platform/profile_utils/cpu_utils.cc:94] CPU Frequency: 2198800000 Hz
2020-11-16 16:46:11.968099: I tensorflow/core/platform/profile_utils/cpu_utils.cc:94] CPU Frequency: 2198800000 Hz
2020-11-16 16:46:11.969726: I tensorflow/compiler/xla/service/service.cc:168] XLA service 0x5518110 executing computations on platform Host. Devices:
2020-11-16 16:46:11.969751: I tensorflow/compiler/xla/service/service.cc:175]   StreamExecutor device (0): <undefined>, <undefined>
2020-11-16 16:46:11.971507: I tensorflow/compiler/xla/service/service.cc:168] XLA service 0x4e02d80 executing computations on platform Host. Devices:
2020-11-16 16:46:11.971556: I tensorflow/compiler/xla/service/service.cc:175]   StreamExecutor device (0): <undefined>, <undefined>
2020-11-16 16:46:11.974794: I tensorflow/core/common_runtime/gpu/gpu_device.cc:1640] Found device 3 with properties: 
name: Tesla V100-DGXS-32GB major: 7 minor: 0 memoryClockRate(GHz): 1.53
pciBusID: 0000:0f:00.0
2020-11-16 16:46:11.975217: I tensorflow/stream_executor/platform/default/dso_loader.cc:42] Successfully opened dynamic library libcudart.so.10.0
2020-11-16 16:46:11.976237: I tensorflow/core/common_runtime/gpu/gpu_device.cc:1640] Found device 3 with properties: 
name: Tesla V100-DGXS-32GB major: 7 minor: 0 memoryClockRate(GHz): 1.53
pciBusID: 0000:0f:00.0
2020-11-16 16:46:11.976649: I tensorflow/stream_executor/platform/default/dso_loader.cc:42] Successfully opened dynamic library libcudart.so.10.0
W1116 16:46:11.976598 140150380754752 deprecation_wrapper.py:119] From gen_control_Koopman_SHARA_addition.py:436: The name tf.placeholder is deprecated. Please use tf.compat.v1.placeholder instead.

2020-11-16 16:46:11.977648: I tensorflow/stream_executor/platform/default/dso_loader.cc:42] Successfully opened dynamic library libcublas.so.10.0
2020-11-16 16:46:11.978952: I tensorflow/stream_executor/platform/default/dso_loader.cc:42] Successfully opened dynamic library libcublas.so.10.0
2020-11-16 16:46:11.979955: I tensorflow/stream_executor/platform/default/dso_loader.cc:42] Successfully opened dynamic library libcufft.so.10.0
W1116 16:46:11.980261 140150380754752 deprecation.py:506] From gen_control_Koopman_SHARA_addition.py:449: calling dropout (from tensorflow.python.ops.nn_ops) with keep_prob is deprecated and will be removed in a future version.
Instructions for updating:
Please use `rate` instead of `keep_prob`. Rate should be set to `rate = 1 - keep_prob`.
2020-11-16 16:46:11.980533: I tensorflow/stream_executor/platform/default/dso_loader.cc:42] Successfully opened dynamic library libcurand.so.10.0
2020-11-16 16:46:11.980863: I tensorflow/stream_executor/platform/default/dso_loader.cc:42] Successfully opened dynamic library libcufft.so.10.0
2020-11-16 16:46:11.981401: I tensorflow/stream_executor/platform/default/dso_loader.cc:42] Successfully opened dynamic library libcurand.so.10.0
2020-11-16 16:46:11.983296: I tensorflow/stream_executor/platform/default/dso_loader.cc:42] Successfully opened dynamic library libcusolver.so.10.0
2020-11-16 16:46:11.984108: I tensorflow/stream_executor/platform/default/dso_loader.cc:42] Successfully opened dynamic library libcusolver.so.10.0
2020-11-16 16:46:11.985130: I tensorflow/core/common_runtime/gpu/gpu_device.cc:1640] Found device 0 with properties: 
name: Tesla V100-DGXS-32GB major: 7 minor: 0 memoryClockRate(GHz): 1.53
pciBusID: 0000:07:00.0
2020-11-16 16:46:11.985392: I tensorflow/stream_executor/platform/default/dso_loader.cc:42] Successfully opened dynamic library libcusparse.so.10.0
2020-11-16 16:46:11.985560: I tensorflow/stream_executor/platform/default/dso_loader.cc:42] Successfully opened dynamic library libcusparse.so.10.0
2020-11-16 16:46:11.988433: I tensorflow/core/common_runtime/gpu/gpu_device.cc:1640] Found device 0 with properties: 
name: Tesla V100-DGXS-32GB major: 7 minor: 0 memoryClockRate(GHz): 1.53
pciBusID: 0000:07:00.0
2020-11-16 16:46:11.988871: I tensorflow/stream_executor/platform/default/dso_loader.cc:42] Successfully opened dynamic library libcudnn.so.7
2020-11-16 16:46:11.990139: I tensorflow/stream_executor/platform/default/dso_loader.cc:42] Successfully opened dynamic library libcudnn.so.7
2020-11-16 16:46:11.990622: I tensorflow/core/common_runtime/gpu/gpu_device.cc:1640] Found device 0 with properties: 
name: Tesla V100-DGXS-32GB major: 7 minor: 0 memoryClockRate(GHz): 1.53
pciBusID: 0000:07:00.0
W1116 16:46:11.999284 140150380754752 deprecation_wrapper.py:119] From gen_control_Koopman_SHARA_addition.py:474: The name tf.global_variables_initializer is deprecated. Please use tf.compat.v1.global_variables_initializer instead.

2020-11-16 16:46:12.004878: I tensorflow/core/common_runtime/gpu/gpu_device.cc:1640] Found device 1 with properties: 
name: Tesla V100-DGXS-32GB major: 7 minor: 0 memoryClockRate(GHz): 1.53
pciBusID: 0000:08:00.0
2020-11-16 16:46:12.009344: I tensorflow/core/common_runtime/gpu/gpu_device.cc:1640] Found device 1 with properties: 
name: Tesla V100-DGXS-32GB major: 7 minor: 0 memoryClockRate(GHz): 1.53
pciBusID: 0000:08:00.0
2020-11-16 16:46:12.011875: I tensorflow/core/common_runtime/gpu/gpu_device.cc:1640] Found device 1 with properties: 
name: Tesla V100-DGXS-32GB major: 7 minor: 0 memoryClockRate(GHz): 1.53
pciBusID: 0000:08:00.0
2020-11-16 16:46:12.015399: I tensorflow/compiler/xla/service/service.cc:168] XLA service 0x5177b60 executing computations on platform CUDA. Devices:
2020-11-16 16:46:12.015432: I tensorflow/compiler/xla/service/service.cc:175]   StreamExecutor device (0): Tesla V100-DGXS-32GB, Compute Capability 7.0
2020-11-16 16:46:12.015442: I tensorflow/compiler/xla/service/service.cc:175]   StreamExecutor device (1): Tesla V100-DGXS-32GB, Compute Capability 7.0
2020-11-16 16:46:12.015451: I tensorflow/compiler/xla/service/service.cc:175]   StreamExecutor device (2): Tesla V100-DGXS-32GB, Compute Capability 7.0
2020-11-16 16:46:12.015459: I tensorflow/compiler/xla/service/service.cc:175]   StreamExecutor device (3): Tesla V100-DGXS-32GB, Compute Capability 7.0
2020-11-16 16:46:12.019537: I tensorflow/core/platform/profile_utils/cpu_utils.cc:94] CPU Frequency: 2198800000 Hz
2020-11-16 16:46:12.021767: I tensorflow/core/common_runtime/gpu/gpu_device.cc:1763] Adding visible gpu devices: 0, 1, 2, 3
2020-11-16 16:46:12.021909: I tensorflow/stream_executor/platform/default/dso_loader.cc:42] Successfully opened dynamic library libcudart.so.10.0
2020-11-16 16:46:12.022437: I tensorflow/compiler/xla/service/service.cc:168] XLA service 0x5d97c90 executing computations on platform Host. Devices:
2020-11-16 16:46:12.022482: I tensorflow/compiler/xla/service/service.cc:175]   StreamExecutor device (0): <undefined>, <undefined>
2020-11-16 16:46:12.027508: I tensorflow/core/common_runtime/gpu/gpu_device.cc:1640] Found device 2 with properties: 
name: Tesla V100-DGXS-32GB major: 7 minor: 0 memoryClockRate(GHz): 1.53
pciBusID: 0000:0e:00.0
2020-11-16 16:46:12.032460: I tensorflow/core/common_runtime/gpu/gpu_device.cc:1640] Found device 2 with properties: 
name: Tesla V100-DGXS-32GB major: 7 minor: 0 memoryClockRate(GHz): 1.53
pciBusID: 0000:0e:00.0
2020-11-16 16:46:12.034646: I tensorflow/core/common_runtime/gpu/gpu_device.cc:1640] Found device 2 with properties: 
name: Tesla V100-DGXS-32GB major: 7 minor: 0 memoryClockRate(GHz): 1.53
pciBusID: 0000:0e:00.0
2020-11-16 16:46:12.045699: I tensorflow/core/common_runtime/gpu/gpu_device.cc:1640] Found device 0 with properties: 
name: Tesla V100-DGXS-32GB major: 7 minor: 0 memoryClockRate(GHz): 1.53
pciBusID: 0000:07:00.0
2020-11-16 16:46:12.051088: I tensorflow/core/common_runtime/gpu/gpu_device.cc:1640] Found device 3 with properties: 
name: Tesla V100-DGXS-32GB major: 7 minor: 0 memoryClockRate(GHz): 1.53
pciBusID: 0000:0f:00.0
2020-11-16 16:46:12.051491: I tensorflow/stream_executor/platform/default/dso_loader.cc:42] Successfully opened dynamic library libcudart.so.10.0
2020-11-16 16:46:12.053806: I tensorflow/stream_executor/platform/default/dso_loader.cc:42] Successfully opened dynamic library libcublas.so.10.0
2020-11-16 16:46:12.055702: I tensorflow/stream_executor/platform/default/dso_loader.cc:42] Successfully opened dynamic library libcufft.so.10.0
2020-11-16 16:46:12.056194: I tensorflow/core/common_runtime/gpu/gpu_device.cc:1640] Found device 3 with properties: 
name: Tesla V100-DGXS-32GB major: 7 minor: 0 memoryClockRate(GHz): 1.53
pciBusID: 0000:0f:00.0
2020-11-16 16:46:12.056260: I tensorflow/stream_executor/platform/default/dso_loader.cc:42] Successfully opened dynamic library libcurand.so.10.0
2020-11-16 16:46:12.056566: I tensorflow/stream_executor/platform/default/dso_loader.cc:42] Successfully opened dynamic library libcudart.so.10.0
2020-11-16 16:46:12.058495: I tensorflow/core/common_runtime/gpu/gpu_device.cc:1640] Found device 3 with properties: 
name: Tesla V100-DGXS-32GB major: 7 minor: 0 memoryClockRate(GHz): 1.53
pciBusID: 0000:0f:00.0
2020-11-16 16:46:12.058697: I tensorflow/stream_executor/platform/default/dso_loader.cc:42] Successfully opened dynamic library libcublas.so.10.0
2020-11-16 16:46:12.058902: I tensorflow/stream_executor/platform/default/dso_loader.cc:42] Successfully opened dynamic library libcudart.so.10.0
2020-11-16 16:46:12.059012: I tensorflow/stream_executor/platform/default/dso_loader.cc:42] Successfully opened dynamic library libcusolver.so.10.0
2020-11-16 16:46:12.060434: I tensorflow/stream_executor/platform/default/dso_loader.cc:42] Successfully opened dynamic library libcufft.so.10.0
2020-11-16 16:46:12.060812: I tensorflow/stream_executor/platform/default/dso_loader.cc:42] Successfully opened dynamic library libcusparse.so.10.0
2020-11-16 16:46:12.060934: I tensorflow/stream_executor/platform/default/dso_loader.cc:42] Successfully opened dynamic library libcurand.so.10.0
2020-11-16 16:46:12.061230: I tensorflow/stream_executor/platform/default/dso_loader.cc:42] Successfully opened dynamic library libcublas.so.10.0
2020-11-16 16:46:12.063072: I tensorflow/stream_executor/platform/default/dso_loader.cc:42] Successfully opened dynamic library libcufft.so.10.0
2020-11-16 16:46:12.063426: I tensorflow/stream_executor/platform/default/dso_loader.cc:42] Successfully opened dynamic library libcusolver.so.10.0
2020-11-16 16:46:12.063611: I tensorflow/stream_executor/platform/default/dso_loader.cc:42] Successfully opened dynamic library libcurand.so.10.0
2020-11-16 16:46:12.064312: I tensorflow/stream_executor/platform/default/dso_loader.cc:42] Successfully opened dynamic library libcudnn.so.7
2020-11-16 16:46:12.065396: I tensorflow/stream_executor/platform/default/dso_loader.cc:42] Successfully opened dynamic library libcusparse.so.10.0
2020-11-16 16:46:12.066379: I tensorflow/stream_executor/platform/default/dso_loader.cc:42] Successfully opened dynamic library libcusolver.so.10.0
2020-11-16 16:46:12.066978: I tensorflow/core/common_runtime/gpu/gpu_device.cc:1640] Found device 1 with properties: 
name: Tesla V100-DGXS-32GB major: 7 minor: 0 memoryClockRate(GHz): 1.53
pciBusID: 0000:08:00.0
2020-11-16 16:46:12.068495: I tensorflow/stream_executor/platform/default/dso_loader.cc:42] Successfully opened dynamic library libcusparse.so.10.0
2020-11-16 16:46:12.070679: I tensorflow/stream_executor/platform/default/dso_loader.cc:42] Successfully opened dynamic library libcudnn.so.7
2020-11-16 16:46:12.073493: I tensorflow/stream_executor/platform/default/dso_loader.cc:42] Successfully opened dynamic library libcudnn.so.7
2020-11-16 16:46:12.078086: I tensorflow/core/common_runtime/gpu/gpu_device.cc:1763] Adding visible gpu devices: 0, 1, 2, 3
2020-11-16 16:46:12.078240: I tensorflow/stream_executor/platform/default/dso_loader.cc:42] Successfully opened dynamic library libcudart.so.10.0
2020-11-16 16:46:12.079940: I tensorflow/compiler/xla/service/service.cc:168] XLA service 0x4287ca0 executing computations on platform CUDA. Devices:
2020-11-16 16:46:12.079989: I tensorflow/compiler/xla/service/service.cc:175]   StreamExecutor device (0): Tesla V100-DGXS-32GB, Compute Capability 7.0
2020-11-16 16:46:12.080004: I tensorflow/compiler/xla/service/service.cc:175]   StreamExecutor device (1): Tesla V100-DGXS-32GB, Compute Capability 7.0
2020-11-16 16:46:12.080015: I tensorflow/compiler/xla/service/service.cc:175]   StreamExecutor device (2): Tesla V100-DGXS-32GB, Compute Capability 7.0
2020-11-16 16:46:12.080026: I tensorflow/compiler/xla/service/service.cc:175]   StreamExecutor device (3): Tesla V100-DGXS-32GB, Compute Capability 7.0
2020-11-16 16:46:12.084996: I tensorflow/core/platform/profile_utils/cpu_utils.cc:94] CPU Frequency: 2198800000 Hz
2020-11-16 16:46:12.088343: I tensorflow/compiler/xla/service/service.cc:168] XLA service 0x4ea9d60 executing computations on platform Host. Devices:
2020-11-16 16:46:12.088410: I tensorflow/compiler/xla/service/service.cc:175]   StreamExecutor device (0): <undefined>, <undefined>
2020-11-16 16:46:12.091236: I tensorflow/core/common_runtime/gpu/gpu_device.cc:1640] Found device 2 with properties: 
name: Tesla V100-DGXS-32GB major: 7 minor: 0 memoryClockRate(GHz): 1.53
pciBusID: 0000:0e:00.0
2020-11-16 16:46:12.099454: I tensorflow/core/common_runtime/gpu/gpu_device.cc:1763] Adding visible gpu devices: 0, 1, 2, 3
2020-11-16 16:46:12.099568: I tensorflow/stream_executor/platform/default/dso_loader.cc:42] Successfully opened dynamic library libcudart.so.10.0
2020-11-16 16:46:12.114676: I tensorflow/core/common_runtime/gpu/gpu_device.cc:1640] Found device 0 with properties: 
name: Tesla V100-DGXS-32GB major: 7 minor: 0 memoryClockRate(GHz): 1.53
pciBusID: 0000:07:00.0
2020-11-16 16:46:12.116641: I tensorflow/core/common_runtime/gpu/gpu_device.cc:1640] Found device 3 with properties: 
name: Tesla V100-DGXS-32GB major: 7 minor: 0 memoryClockRate(GHz): 1.53
pciBusID: 0000:0f:00.0
2020-11-16 16:46:12.117065: I tensorflow/stream_executor/platform/default/dso_loader.cc:42] Successfully opened dynamic library libcudart.so.10.0
2020-11-16 16:46:12.119465: I tensorflow/stream_executor/platform/default/dso_loader.cc:42] Successfully opened dynamic library libcublas.so.10.0
2020-11-16 16:46:12.121433: I tensorflow/stream_executor/platform/default/dso_loader.cc:42] Successfully opened dynamic library libcufft.so.10.0
2020-11-16 16:46:12.122006: I tensorflow/stream_executor/platform/default/dso_loader.cc:42] Successfully opened dynamic library libcurand.so.10.0
2020-11-16 16:46:12.123338: I tensorflow/core/common_runtime/gpu/gpu_device.cc:1763] Adding visible gpu devices: 0, 1, 2, 3
2020-11-16 16:46:12.123466: I tensorflow/stream_executor/platform/default/dso_loader.cc:42] Successfully opened dynamic library libcudart.so.10.0
2020-11-16 16:46:12.124900: I tensorflow/stream_executor/platform/default/dso_loader.cc:42] Successfully opened dynamic library libcusolver.so.10.0
2020-11-16 16:46:12.127096: I tensorflow/stream_executor/platform/default/dso_loader.cc:42] Successfully opened dynamic library libcusparse.so.10.0
2020-11-16 16:46:12.132105: I tensorflow/core/common_runtime/gpu/gpu_device.cc:1181] Device interconnect StreamExecutor with strength 1 edge matrix:
2020-11-16 16:46:12.132154: I tensorflow/core/common_runtime/gpu/gpu_device.cc:1187]      0 1 2 3 
2020-11-16 16:46:12.132170: I tensorflow/core/common_runtime/gpu/gpu_device.cc:1200] 0:   N Y Y Y 
2020-11-16 16:46:12.132181: I tensorflow/core/common_runtime/gpu/gpu_device.cc:1200] 1:   Y N Y Y 
2020-11-16 16:46:12.132192: I tensorflow/core/common_runtime/gpu/gpu_device.cc:1200] 2:   Y Y N Y 
2020-11-16 16:46:12.132203: I tensorflow/core/common_runtime/gpu/gpu_device.cc:1200] 3:   Y Y Y N 
2020-11-16 16:46:12.132786: I tensorflow/stream_executor/platform/default/dso_loader.cc:42] Successfully opened dynamic library libcudnn.so.7
2020-11-16 16:46:12.140170: I tensorflow/core/common_runtime/gpu/gpu_device.cc:1640] Found device 1 with properties: 
name: Tesla V100-DGXS-32GB major: 7 minor: 0 memoryClockRate(GHz): 1.53
pciBusID: 0000:08:00.0
2020-11-16 16:46:12.167598: I tensorflow/core/common_runtime/gpu/gpu_device.cc:1640] Found device 2 with properties: 
name: Tesla V100-DGXS-32GB major: 7 minor: 0 memoryClockRate(GHz): 1.53
pciBusID: 0000:0e:00.0
2020-11-16 16:46:12.181253: I tensorflow/core/common_runtime/gpu/gpu_device.cc:1763] Adding visible gpu devices: 0, 1, 2, 3
2020-11-16 16:46:12.181368: I tensorflow/stream_executor/platform/default/dso_loader.cc:42] Successfully opened dynamic library libcudart.so.10.0
2020-11-16 16:46:12.183076: I tensorflow/core/common_runtime/gpu/gpu_device.cc:1763] Adding visible gpu devices: 0, 1, 2, 3
2020-11-16 16:46:12.183200: I tensorflow/stream_executor/platform/default/dso_loader.cc:42] Successfully opened dynamic library libcudart.so.10.0
2020-11-16 16:46:12.194529: I tensorflow/core/common_runtime/gpu/gpu_device.cc:1640] Found device 3 with properties: 
name: Tesla V100-DGXS-32GB major: 7 minor: 0 memoryClockRate(GHz): 1.53
pciBusID: 0000:0f:00.0
2020-11-16 16:46:12.194945: I tensorflow/stream_executor/platform/default/dso_loader.cc:42] Successfully opened dynamic library libcudart.so.10.0
2020-11-16 16:46:12.197320: I tensorflow/stream_executor/platform/default/dso_loader.cc:42] Successfully opened dynamic library libcublas.so.10.0
2020-11-16 16:46:12.198673: I tensorflow/core/common_runtime/gpu/gpu_device.cc:1181] Device interconnect StreamExecutor with strength 1 edge matrix:
2020-11-16 16:46:12.198720: I tensorflow/core/common_runtime/gpu/gpu_device.cc:1187]      0 1 2 3 
2020-11-16 16:46:12.198737: I tensorflow/core/common_runtime/gpu/gpu_device.cc:1200] 0:   N Y Y Y 
2020-11-16 16:46:12.198748: I tensorflow/core/common_runtime/gpu/gpu_device.cc:1200] 1:   Y N Y Y 
2020-11-16 16:46:12.198760: I tensorflow/core/common_runtime/gpu/gpu_device.cc:1200] 2:   Y Y N Y 
2020-11-16 16:46:12.198771: I tensorflow/core/common_runtime/gpu/gpu_device.cc:1200] 3:   Y Y Y N 
2020-11-16 16:46:12.199247: I tensorflow/stream_executor/platform/default/dso_loader.cc:42] Successfully opened dynamic library libcufft.so.10.0
2020-11-16 16:46:12.199822: I tensorflow/stream_executor/platform/default/dso_loader.cc:42] Successfully opened dynamic library libcurand.so.10.0
2020-11-16 16:46:12.202624: I tensorflow/stream_executor/platform/default/dso_loader.cc:42] Successfully opened dynamic library libcusolver.so.10.0
2020-11-16 16:46:12.204548: I tensorflow/stream_executor/platform/default/dso_loader.cc:42] Successfully opened dynamic library libcusparse.so.10.0
2020-11-16 16:46:12.208216: I tensorflow/stream_executor/platform/default/dso_loader.cc:42] Successfully opened dynamic library libcudnn.so.7
2020-11-16 16:46:12.223719: I tensorflow/core/common_runtime/gpu/gpu_device.cc:1181] Device interconnect StreamExecutor with strength 1 edge matrix:
2020-11-16 16:46:12.223781: I tensorflow/core/common_runtime/gpu/gpu_device.cc:1187]      0 1 2 3 
2020-11-16 16:46:12.223799: I tensorflow/core/common_runtime/gpu/gpu_device.cc:1200] 0:   N Y Y Y 
2020-11-16 16:46:12.223811: I tensorflow/core/common_runtime/gpu/gpu_device.cc:1200] 1:   Y N Y Y 
2020-11-16 16:46:12.223823: I tensorflow/core/common_runtime/gpu/gpu_device.cc:1200] 2:   Y Y N Y 
2020-11-16 16:46:12.223834: I tensorflow/core/common_runtime/gpu/gpu_device.cc:1200] 3:   Y Y Y N 
2020-11-16 16:46:12.249486: I tensorflow/core/common_runtime/gpu/gpu_device.cc:1181] Device interconnect StreamExecutor with strength 1 edge matrix:
2020-11-16 16:46:12.249540: I tensorflow/core/common_runtime/gpu/gpu_device.cc:1187]      0 1 2 3 
2020-11-16 16:46:12.249555: I tensorflow/core/common_runtime/gpu/gpu_device.cc:1200] 0:   N Y Y Y 
2020-11-16 16:46:12.249566: I tensorflow/core/common_runtime/gpu/gpu_device.cc:1200] 1:   Y N Y Y 
2020-11-16 16:46:12.249577: I tensorflow/core/common_runtime/gpu/gpu_device.cc:1200] 2:   Y Y N Y 
2020-11-16 16:46:12.249587: I tensorflow/core/common_runtime/gpu/gpu_device.cc:1200] 3:   Y Y Y N 
2020-11-16 16:46:12.272241: I tensorflow/core/common_runtime/gpu/gpu_device.cc:1763] Adding visible gpu devices: 0, 1, 2, 3
2020-11-16 16:46:12.272375: I tensorflow/stream_executor/platform/default/dso_loader.cc:42] Successfully opened dynamic library libcudart.so.10.0
2020-11-16 16:46:12.276767: I tensorflow/core/common_runtime/gpu/gpu_device.cc:1326] Created TensorFlow device (/job:localhost/replica:0/task:0/device:GPU:0 with 25338 MB memory) -> physical GPU (device: 0, name: Tesla V100-DGXS-32GB, pci bus id: 0000:07:00.0, compute capability: 7.0)
2020-11-16 16:46:12.277162: I tensorflow/core/common_runtime/gpu/gpu_device.cc:1763] Adding visible gpu devices: 0, 1, 2, 3
2020-11-16 16:46:12.277277: I tensorflow/stream_executor/platform/default/dso_loader.cc:42] Successfully opened dynamic library libcudart.so.10.0
2020-11-16 16:46:12.283291: I tensorflow/core/common_runtime/gpu/gpu_device.cc:1763] Adding visible gpu devices: 0, 1, 2, 3
2020-11-16 16:46:12.283429: I tensorflow/stream_executor/platform/default/dso_loader.cc:42] Successfully opened dynamic library libcudart.so.10.0
2020-11-16 16:46:12.301869: I tensorflow/core/common_runtime/gpu/gpu_device.cc:1326] Created TensorFlow device (/job:localhost/replica:0/task:0/device:GPU:1 with 26199 MB memory) -> physical GPU (device: 1, name: Tesla V100-DGXS-32GB, pci bus id: 0000:08:00.0, compute capability: 7.0)
2020-11-16 16:46:12.302850: I tensorflow/core/common_runtime/gpu/gpu_device.cc:1181] Device interconnect StreamExecutor with strength 1 edge matrix:
2020-11-16 16:46:12.302898: I tensorflow/core/common_runtime/gpu/gpu_device.cc:1187]      0 1 2 3 
2020-11-16 16:46:12.302914: I tensorflow/core/common_runtime/gpu/gpu_device.cc:1200] 0:   N Y Y Y 
2020-11-16 16:46:12.302925: I tensorflow/core/common_runtime/gpu/gpu_device.cc:1200] 1:   Y N Y Y 
2020-11-16 16:46:12.302935: I tensorflow/core/common_runtime/gpu/gpu_device.cc:1200] 2:   Y Y N Y 
2020-11-16 16:46:12.302946: I tensorflow/core/common_runtime/gpu/gpu_device.cc:1200] 3:   Y Y Y N 
2020-11-16 16:46:12.303797: I tensorflow/core/common_runtime/gpu/gpu_device.cc:1181] Device interconnect StreamExecutor with strength 1 edge matrix:
2020-11-16 16:46:12.303852: I tensorflow/core/common_runtime/gpu/gpu_device.cc:1187]      0 1 2 3 
2020-11-16 16:46:12.303870: I tensorflow/core/common_runtime/gpu/gpu_device.cc:1200] 0:   N Y Y Y 
2020-11-16 16:46:12.303882: I tensorflow/core/common_runtime/gpu/gpu_device.cc:1200] 1:   Y N Y Y 
2020-11-16 16:46:12.303894: I tensorflow/core/common_runtime/gpu/gpu_device.cc:1200] 2:   Y Y N Y 
2020-11-16 16:46:12.303905: I tensorflow/core/common_runtime/gpu/gpu_device.cc:1200] 3:   Y Y Y N 
2020-11-16 16:46:12.333766: I tensorflow/core/common_runtime/gpu/gpu_device.cc:1326] Created TensorFlow device (/job:localhost/replica:0/task:0/device:GPU:2 with 26199 MB memory) -> physical GPU (device: 2, name: Tesla V100-DGXS-32GB, pci bus id: 0000:0e:00.0, compute capability: 7.0)
2020-11-16 16:46:12.341412: I tensorflow/core/common_runtime/gpu/gpu_device.cc:1326] Created TensorFlow device (/job:localhost/replica:0/task:0/device:GPU:0 with 25336 MB memory) -> physical GPU (device: 0, name: Tesla V100-DGXS-32GB, pci bus id: 0000:07:00.0, compute capability: 7.0)
2020-11-16 16:46:12.346414: I tensorflow/core/common_runtime/gpu/gpu_device.cc:1763] Adding visible gpu devices: 0, 1, 2, 3
2020-11-16 16:46:12.346525: I tensorflow/stream_executor/platform/default/dso_loader.cc:42] Successfully opened dynamic library libcudart.so.10.0
2020-11-16 16:46:12.360160: I tensorflow/core/common_runtime/gpu/gpu_device.cc:1326] Created TensorFlow device (/job:localhost/replica:0/task:0/device:GPU:3 with 26199 MB memory) -> physical GPU (device: 3, name: Tesla V100-DGXS-32GB, pci bus id: 0000:0f:00.0, compute capability: 7.0)
2020-11-16 16:46:12.364333: I tensorflow/core/common_runtime/gpu/gpu_device.cc:1326] Created TensorFlow device (/job:localhost/replica:0/task:0/device:GPU:0 with 25334 MB memory) -> physical GPU (device: 0, name: Tesla V100-DGXS-32GB, pci bus id: 0000:07:00.0, compute capability: 7.0)
2020-11-16 16:46:12.365731: I tensorflow/core/common_runtime/gpu/gpu_device.cc:1326] Created TensorFlow device (/job:localhost/replica:0/task:0/device:GPU:1 with 26199 MB memory) -> physical GPU (device: 1, name: Tesla V100-DGXS-32GB, pci bus id: 0000:08:00.0, compute capability: 7.0)
W1116 16:46:12.366291 139787132294976 deprecation_wrapper.py:119] From gen_control_Koopman_SHARA_addition.py:370: The name tf.truncated_normal is deprecated. Please use tf.random.truncated_normal instead.

2020-11-16 16:46:12.385816: I tensorflow/core/common_runtime/gpu/gpu_device.cc:1326] Created TensorFlow device (/job:localhost/replica:0/task:0/device:GPU:0 with 25330 MB memory) -> physical GPU (device: 0, name: Tesla V100-DGXS-32GB, pci bus id: 0000:07:00.0, compute capability: 7.0)
2020-11-16 16:46:12.387507: I tensorflow/core/common_runtime/gpu/gpu_device.cc:1326] Created TensorFlow device (/job:localhost/replica:0/task:0/device:GPU:1 with 26199 MB memory) -> physical GPU (device: 1, name: Tesla V100-DGXS-32GB, pci bus id: 0000:08:00.0, compute capability: 7.0)
2020-11-16 16:46:12.388481: I tensorflow/core/common_runtime/gpu/gpu_device.cc:1326] Created TensorFlow device (/job:localhost/replica:0/task:0/device:GPU:2 with 26199 MB memory) -> physical GPU (device: 2, name: Tesla V100-DGXS-32GB, pci bus id: 0000:0e:00.0, compute capability: 7.0)
2020-11-16 16:46:12.388670: I tensorflow/core/common_runtime/gpu/gpu_device.cc:1181] Device interconnect StreamExecutor with strength 1 edge matrix:
2020-11-16 16:46:12.388716: I tensorflow/core/common_runtime/gpu/gpu_device.cc:1187]      0 1 2 3 
2020-11-16 16:46:12.388731: I tensorflow/core/common_runtime/gpu/gpu_device.cc:1200] 0:   N Y Y Y 
2020-11-16 16:46:12.388742: I tensorflow/core/common_runtime/gpu/gpu_device.cc:1200] 1:   Y N Y Y 
2020-11-16 16:46:12.388752: I tensorflow/core/common_runtime/gpu/gpu_device.cc:1200] 2:   Y Y N Y 
2020-11-16 16:46:12.388763: I tensorflow/core/common_runtime/gpu/gpu_device.cc:1200] 3:   Y Y Y N 
2020-11-16 16:46:12.391215: I tensorflow/core/common_runtime/gpu/gpu_device.cc:1181] Device interconnect StreamExecutor with strength 1 edge matrix:
2020-11-16 16:46:12.391259: I tensorflow/core/common_runtime/gpu/gpu_device.cc:1187]      0 1 2 3 
2020-11-16 16:46:12.391274: I tensorflow/core/common_runtime/gpu/gpu_device.cc:1200] 0:   N Y Y Y 
2020-11-16 16:46:12.391284: I tensorflow/core/common_runtime/gpu/gpu_device.cc:1200] 1:   Y N Y Y 
2020-11-16 16:46:12.391294: I tensorflow/core/common_runtime/gpu/gpu_device.cc:1200] 2:   Y Y N Y 
2020-11-16 16:46:12.391304: I tensorflow/core/common_runtime/gpu/gpu_device.cc:1200] 3:   Y Y Y N 
2020-11-16 16:46:12.399595: I tensorflow/core/common_runtime/gpu/gpu_device.cc:1181] Device interconnect StreamExecutor with strength 1 edge matrix:
2020-11-16 16:46:12.399687: I tensorflow/core/common_runtime/gpu/gpu_device.cc:1187]      0 1 2 3 
2020-11-16 16:46:12.399705: I tensorflow/core/common_runtime/gpu/gpu_device.cc:1200] 0:   N Y Y Y 
2020-11-16 16:46:12.399717: I tensorflow/core/common_runtime/gpu/gpu_device.cc:1200] 1:   Y N Y Y 
2020-11-16 16:46:12.399727: I tensorflow/core/common_runtime/gpu/gpu_device.cc:1200] 2:   Y Y N Y 
2020-11-16 16:46:12.399738: I tensorflow/core/common_runtime/gpu/gpu_device.cc:1200] 3:   Y Y Y N 
2020-11-16 16:46:12.417498: I tensorflow/core/common_runtime/gpu/gpu_device.cc:1326] Created TensorFlow device (/job:localhost/replica:0/task:0/device:GPU:1 with 26199 MB memory) -> physical GPU (device: 1, name: Tesla V100-DGXS-32GB, pci bus id: 0000:08:00.0, compute capability: 7.0)
2020-11-16 16:46:12.418870: I tensorflow/core/common_runtime/gpu/gpu_device.cc:1763] Adding visible gpu devices: 0, 1, 2, 3
2020-11-16 16:46:12.418980: I tensorflow/stream_executor/platform/default/dso_loader.cc:42] Successfully opened dynamic library libcudart.so.10.0
2020-11-16 16:46:12.421253: I tensorflow/core/common_runtime/gpu/gpu_device.cc:1326] Created TensorFlow device (/job:localhost/replica:0/task:0/device:GPU:2 with 26199 MB memory) -> physical GPU (device: 2, name: Tesla V100-DGXS-32GB, pci bus id: 0000:0e:00.0, compute capability: 7.0)
2020-11-16 16:46:12.421771: I tensorflow/core/common_runtime/gpu/gpu_device.cc:1326] Created TensorFlow device (/job:localhost/replica:0/task:0/device:GPU:3 with 26199 MB memory) -> physical GPU (device: 3, name: Tesla V100-DGXS-32GB, pci bus id: 0000:0f:00.0, compute capability: 7.0)
W1116 16:46:12.427572 140377349224256 deprecation_wrapper.py:119] From gen_control_Koopman_SHARA_addition.py:370: The name tf.truncated_normal is deprecated. Please use tf.random.truncated_normal instead.

2020-11-16 16:46:12.437998: I tensorflow/core/common_runtime/gpu/gpu_device.cc:1326] Created TensorFlow device (/job:localhost/replica:0/task:0/device:GPU:2 with 26199 MB memory) -> physical GPU (device: 2, name: Tesla V100-DGXS-32GB, pci bus id: 0000:0e:00.0, compute capability: 7.0)
2020-11-16 16:46:12.439970: I tensorflow/core/common_runtime/gpu/gpu_device.cc:1326] Created TensorFlow device (/job:localhost/replica:0/task:0/device:GPU:0 with 25325 MB memory) -> physical GPU (device: 0, name: Tesla V100-DGXS-32GB, pci bus id: 0000:07:00.0, compute capability: 7.0)
2020-11-16 16:46:12.441719: I tensorflow/core/common_runtime/gpu/gpu_device.cc:1326] Created TensorFlow device (/job:localhost/replica:0/task:0/device:GPU:0 with 25325 MB memory) -> physical GPU (device: 0, name: Tesla V100-DGXS-32GB, pci bus id: 0000:07:00.0, compute capability: 7.0)
2020-11-16 16:46:12.442030: I tensorflow/core/common_runtime/gpu/gpu_device.cc:1326] Created TensorFlow device (/job:localhost/replica:0/task:0/device:GPU:3 with 26199 MB memory) -> physical GPU (device: 3, name: Tesla V100-DGXS-32GB, pci bus id: 0000:0f:00.0, compute capability: 7.0)
W1116 16:46:12.448026 140609686923072 deprecation_wrapper.py:119] From gen_control_Koopman_SHARA_addition.py:370: The name tf.truncated_normal is deprecated. Please use tf.random.truncated_normal instead.

2020-11-16 16:46:12.456115: I tensorflow/core/common_runtime/gpu/gpu_device.cc:1181] Device interconnect StreamExecutor with strength 1 edge matrix:
2020-11-16 16:46:12.456165: I tensorflow/core/common_runtime/gpu/gpu_device.cc:1187]      0 1 2 3 
2020-11-16 16:46:12.456182: I tensorflow/core/common_runtime/gpu/gpu_device.cc:1200] 0:   N Y Y Y 
2020-11-16 16:46:12.456193: I tensorflow/core/common_runtime/gpu/gpu_device.cc:1200] 1:   Y N Y Y 
2020-11-16 16:46:12.456204: I tensorflow/core/common_runtime/gpu/gpu_device.cc:1200] 2:   Y Y N Y 
2020-11-16 16:46:12.456215: I tensorflow/core/common_runtime/gpu/gpu_device.cc:1200] 3:   Y Y Y N 
2020-11-16 16:46:12.456364: I tensorflow/core/common_runtime/gpu/gpu_device.cc:1326] Created TensorFlow device (/job:localhost/replica:0/task:0/device:GPU:3 with 26199 MB memory) -> physical GPU (device: 3, name: Tesla V100-DGXS-32GB, pci bus id: 0000:0f:00.0, compute capability: 7.0)
2020-11-16 16:46:12.459224: I tensorflow/core/common_runtime/gpu/gpu_device.cc:1326] Created TensorFlow device (/job:localhost/replica:0/task:0/device:GPU:1 with 26199 MB memory) -> physical GPU (device: 1, name: Tesla V100-DGXS-32GB, pci bus id: 0000:08:00.0, compute capability: 7.0)
2020-11-16 16:46:12.461832: I tensorflow/core/common_runtime/gpu/gpu_device.cc:1326] Created TensorFlow device (/job:localhost/replica:0/task:0/device:GPU:1 with 26199 MB memory) -> physical GPU (device: 1, name: Tesla V100-DGXS-32GB, pci bus id: 0000:08:00.0, compute capability: 7.0)
W1116 16:46:12.462173 140429660911424 deprecation_wrapper.py:119] From gen_control_Koopman_SHARA_addition.py:370: The name tf.truncated_normal is deprecated. Please use tf.random.truncated_normal instead.

2020-11-16 16:46:12.477180: I tensorflow/core/common_runtime/gpu/gpu_device.cc:1326] Created TensorFlow device (/job:localhost/replica:0/task:0/device:GPU:2 with 26199 MB memory) -> physical GPU (device: 2, name: Tesla V100-DGXS-32GB, pci bus id: 0000:0e:00.0, compute capability: 7.0)
W1116 16:46:12.478501 140377349224256 deprecation_wrapper.py:119] From gen_control_Koopman_SHARA_addition.py:436: The name tf.placeholder is deprecated. Please use tf.compat.v1.placeholder instead.

2020-11-16 16:46:12.479271: I tensorflow/core/common_runtime/gpu/gpu_device.cc:1326] Created TensorFlow device (/job:localhost/replica:0/task:0/device:GPU:2 with 26199 MB memory) -> physical GPU (device: 2, name: Tesla V100-DGXS-32GB, pci bus id: 0000:0e:00.0, compute capability: 7.0)
W1116 16:46:12.482068 140377349224256 deprecation.py:506] From gen_control_Koopman_SHARA_addition.py:449: calling dropout (from tensorflow.python.ops.nn_ops) with keep_prob is deprecated and will be removed in a future version.
Instructions for updating:
Please use `rate` instead of `keep_prob`. Rate should be set to `rate = 1 - keep_prob`.
2020-11-16 16:46:12.492565: I tensorflow/core/common_runtime/gpu/gpu_device.cc:1326] Created TensorFlow device (/job:localhost/replica:0/task:0/device:GPU:3 with 26199 MB memory) -> physical GPU (device: 3, name: Tesla V100-DGXS-32GB, pci bus id: 0000:0f:00.0, compute capability: 7.0)
2020-11-16 16:46:12.495275: I tensorflow/core/common_runtime/gpu/gpu_device.cc:1326] Created TensorFlow device (/job:localhost/replica:0/task:0/device:GPU:3 with 26199 MB memory) -> physical GPU (device: 3, name: Tesla V100-DGXS-32GB, pci bus id: 0000:0f:00.0, compute capability: 7.0)
W1116 16:46:12.496851 140609686923072 deprecation_wrapper.py:119] From gen_control_Koopman_SHARA_addition.py:436: The name tf.placeholder is deprecated. Please use tf.compat.v1.placeholder instead.

2020-11-16 16:46:12.497403: I tensorflow/core/common_runtime/gpu/gpu_device.cc:1326] Created TensorFlow device (/job:localhost/replica:0/task:0/device:GPU:0 with 25315 MB memory) -> physical GPU (device: 0, name: Tesla V100-DGXS-32GB, pci bus id: 0000:07:00.0, compute capability: 7.0)
2020-11-16 16:46:12.498206: I tensorflow/core/common_runtime/gpu/gpu_device.cc:1326] Created TensorFlow device (/job:localhost/replica:0/task:0/device:GPU:0 with 25315 MB memory) -> physical GPU (device: 0, name: Tesla V100-DGXS-32GB, pci bus id: 0000:07:00.0, compute capability: 7.0)
W1116 16:46:12.498392 140289097381696 deprecation_wrapper.py:119] From gen_control_Koopman_SHARA_addition.py:370: The name tf.truncated_normal is deprecated. Please use tf.random.truncated_normal instead.

2020-11-16 16:46:12.499042: I tensorflow/core/common_runtime/gpu/gpu_device.cc:1181] Device interconnect StreamExecutor with strength 1 edge matrix:
2020-11-16 16:46:12.499086: I tensorflow/core/common_runtime/gpu/gpu_device.cc:1187]      0 1 2 3 
2020-11-16 16:46:12.499101: I tensorflow/core/common_runtime/gpu/gpu_device.cc:1200] 0:   N Y Y Y 
2020-11-16 16:46:12.499113: I tensorflow/core/common_runtime/gpu/gpu_device.cc:1200] 1:   Y N Y Y 
2020-11-16 16:46:12.499124: I tensorflow/core/common_runtime/gpu/gpu_device.cc:1200] 2:   Y Y N Y 
2020-11-16 16:46:12.499134: I tensorflow/core/common_runtime/gpu/gpu_device.cc:1200] 3:   Y Y Y N 
W1116 16:46:12.500303 140609686923072 deprecation.py:506] From gen_control_Koopman_SHARA_addition.py:449: calling dropout (from tensorflow.python.ops.nn_ops) with keep_prob is deprecated and will be removed in a future version.
Instructions for updating:
Please use `rate` instead of `keep_prob`. Rate should be set to `rate = 1 - keep_prob`.
W1116 16:46:12.500786 139920323749696 deprecation_wrapper.py:119] From gen_control_Koopman_SHARA_addition.py:370: The name tf.truncated_normal is deprecated. Please use tf.random.truncated_normal instead.

W1116 16:46:12.500877 140377349224256 deprecation_wrapper.py:119] From gen_control_Koopman_SHARA_addition.py:474: The name tf.global_variables_initializer is deprecated. Please use tf.compat.v1.global_variables_initializer instead.

2020-11-16 16:46:12.501705: I tensorflow/core/common_runtime/gpu/gpu_device.cc:1326] Created TensorFlow device (/job:localhost/replica:0/task:0/device:GPU:0 with 25313 MB memory) -> physical GPU (device: 0, name: Tesla V100-DGXS-32GB, pci bus id: 0000:07:00.0, compute capability: 7.0)
W1116 16:46:12.508185 139787132294976 deprecation_wrapper.py:119] From gen_control_Koopman_SHARA_addition.py:436: The name tf.placeholder is deprecated. Please use tf.compat.v1.placeholder instead.

W1116 16:46:12.511588 140429660911424 deprecation_wrapper.py:119] From gen_control_Koopman_SHARA_addition.py:436: The name tf.placeholder is deprecated. Please use tf.compat.v1.placeholder instead.

W1116 16:46:12.511694 139787132294976 deprecation.py:506] From gen_control_Koopman_SHARA_addition.py:449: calling dropout (from tensorflow.python.ops.nn_ops) with keep_prob is deprecated and will be removed in a future version.
Instructions for updating:
Please use `rate` instead of `keep_prob`. Rate should be set to `rate = 1 - keep_prob`.
2020-11-16 16:46:12.512015: I tensorflow/core/common_runtime/gpu/gpu_device.cc:1326] Created TensorFlow device (/job:localhost/replica:0/task:0/device:GPU:1 with 26199 MB memory) -> physical GPU (device: 1, name: Tesla V100-DGXS-32GB, pci bus id: 0000:08:00.0, compute capability: 7.0)
2020-11-16 16:46:12.513736: I tensorflow/core/common_runtime/gpu/gpu_device.cc:1326] Created TensorFlow device (/job:localhost/replica:0/task:0/device:GPU:1 with 26199 MB memory) -> physical GPU (device: 1, name: Tesla V100-DGXS-32GB, pci bus id: 0000:08:00.0, compute capability: 7.0)
W1116 16:46:12.515215 140429660911424 deprecation.py:506] From gen_control_Koopman_SHARA_addition.py:449: calling dropout (from tensorflow.python.ops.nn_ops) with keep_prob is deprecated and will be removed in a future version.
Instructions for updating:
Please use `rate` instead of `keep_prob`. Rate should be set to `rate = 1 - keep_prob`.
2020-11-16 16:46:12.515784: I tensorflow/core/common_runtime/gpu/gpu_device.cc:1326] Created TensorFlow device (/job:localhost/replica:0/task:0/device:GPU:1 with 26199 MB memory) -> physical GPU (device: 1, name: Tesla V100-DGXS-32GB, pci bus id: 0000:08:00.0, compute capability: 7.0)
W1116 16:46:12.518569 140609686923072 deprecation_wrapper.py:119] From gen_control_Koopman_SHARA_addition.py:474: The name tf.global_variables_initializer is deprecated. Please use tf.compat.v1.global_variables_initializer instead.

2020-11-16 16:46:12.523397: I tensorflow/core/common_runtime/gpu/gpu_device.cc:1326] Created TensorFlow device (/job:localhost/replica:0/task:0/device:GPU:2 with 26199 MB memory) -> physical GPU (device: 2, name: Tesla V100-DGXS-32GB, pci bus id: 0000:0e:00.0, compute capability: 7.0)
2020-11-16 16:46:12.525387: I tensorflow/core/common_runtime/gpu/gpu_device.cc:1326] Created TensorFlow device (/job:localhost/replica:0/task:0/device:GPU:2 with 26199 MB memory) -> physical GPU (device: 2, name: Tesla V100-DGXS-32GB, pci bus id: 0000:0e:00.0, compute capability: 7.0)
2020-11-16 16:46:12.527953: I tensorflow/core/common_runtime/gpu/gpu_device.cc:1326] Created TensorFlow device (/job:localhost/replica:0/task:0/device:GPU:2 with 26199 MB memory) -> physical GPU (device: 2, name: Tesla V100-DGXS-32GB, pci bus id: 0000:0e:00.0, compute capability: 7.0)
2020-11-16 16:46:12.532227: I tensorflow/core/common_runtime/gpu/gpu_device.cc:1326] Created TensorFlow device (/job:localhost/replica:0/task:0/device:GPU:0 with 25308 MB memory) -> physical GPU (device: 0, name: Tesla V100-DGXS-32GB, pci bus id: 0000:07:00.0, compute capability: 7.0)
W1116 16:46:12.533988 140429660911424 deprecation_wrapper.py:119] From gen_control_Koopman_SHARA_addition.py:474: The name tf.global_variables_initializer is deprecated. Please use tf.compat.v1.global_variables_initializer instead.

2020-11-16 16:46:12.535590: I tensorflow/core/common_runtime/gpu/gpu_device.cc:1326] Created TensorFlow device (/job:localhost/replica:0/task:0/device:GPU:3 with 26199 MB memory) -> physical GPU (device: 3, name: Tesla V100-DGXS-32GB, pci bus id: 0000:0f:00.0, compute capability: 7.0)
2020-11-16 16:46:12.537821: I tensorflow/core/common_runtime/gpu/gpu_device.cc:1326] Created TensorFlow device (/job:localhost/replica:0/task:0/device:GPU:3 with 26199 MB memory) -> physical GPU (device: 3, name: Tesla V100-DGXS-32GB, pci bus id: 0000:0f:00.0, compute capability: 7.0)
W1116 16:46:12.541137 139782253610816 deprecation_wrapper.py:119] From gen_control_Koopman_SHARA_addition.py:370: The name tf.truncated_normal is deprecated. Please use tf.random.truncated_normal instead.

2020-11-16 16:46:12.541561: I tensorflow/core/common_runtime/gpu/gpu_device.cc:1326] Created TensorFlow device (/job:localhost/replica:0/task:0/device:GPU:3 with 26199 MB memory) -> physical GPU (device: 3, name: Tesla V100-DGXS-32GB, pci bus id: 0000:0f:00.0, compute capability: 7.0)
W1116 16:46:12.543015 140578307020608 deprecation_wrapper.py:119] From gen_control_Koopman_SHARA_addition.py:370: The name tf.truncated_normal is deprecated. Please use tf.random.truncated_normal instead.

2020-11-16 16:46:12.543166: I tensorflow/core/common_runtime/gpu/gpu_device.cc:1326] Created TensorFlow device (/job:localhost/replica:0/task:0/device:GPU:1 with 26199 MB memory) -> physical GPU (device: 1, name: Tesla V100-DGXS-32GB, pci bus id: 0000:08:00.0, compute capability: 7.0)
W1116 16:46:12.544430 140289097381696 deprecation_wrapper.py:119] From gen_control_Koopman_SHARA_addition.py:436: The name tf.placeholder is deprecated. Please use tf.compat.v1.placeholder instead.

W1116 16:46:12.545500 139787132294976 deprecation_wrapper.py:119] From gen_control_Koopman_SHARA_addition.py:474: The name tf.global_variables_initializer is deprecated. Please use tf.compat.v1.global_variables_initializer instead.

W1116 16:46:12.546650 140515352155968 deprecation_wrapper.py:119] From gen_control_Koopman_SHARA_addition.py:370: The name tf.truncated_normal is deprecated. Please use tf.random.truncated_normal instead.

W1116 16:46:12.547993 140289097381696 deprecation.py:506] From gen_control_Koopman_SHARA_addition.py:449: calling dropout (from tensorflow.python.ops.nn_ops) with keep_prob is deprecated and will be removed in a future version.
Instructions for updating:
Please use `rate` instead of `keep_prob`. Rate should be set to `rate = 1 - keep_prob`.
W1116 16:46:12.550133 139920323749696 deprecation_wrapper.py:119] From gen_control_Koopman_SHARA_addition.py:436: The name tf.placeholder is deprecated. Please use tf.compat.v1.placeholder instead.

2020-11-16 16:46:12.552171: I tensorflow/core/common_runtime/gpu/gpu_device.cc:1326] Created TensorFlow device (/job:localhost/replica:0/task:0/device:GPU:2 with 26199 MB memory) -> physical GPU (device: 2, name: Tesla V100-DGXS-32GB, pci bus id: 0000:0e:00.0, compute capability: 7.0)
W1116 16:46:12.553660 139920323749696 deprecation.py:506] From gen_control_Koopman_SHARA_addition.py:449: calling dropout (from tensorflow.python.ops.nn_ops) with keep_prob is deprecated and will be removed in a future version.
Instructions for updating:
Please use `rate` instead of `keep_prob`. Rate should be set to `rate = 1 - keep_prob`.
2020-11-16 16:46:12.557627: I tensorflow/core/common_runtime/gpu/gpu_device.cc:1326] Created TensorFlow device (/job:localhost/replica:0/task:0/device:GPU:0 with 25302 MB memory) -> physical GPU (device: 0, name: Tesla V100-DGXS-32GB, pci bus id: 0000:07:00.0, compute capability: 7.0)
2020-11-16 16:46:12.561970: I tensorflow/core/common_runtime/gpu/gpu_device.cc:1326] Created TensorFlow device (/job:localhost/replica:0/task:0/device:GPU:3 with 26199 MB memory) -> physical GPU (device: 3, name: Tesla V100-DGXS-32GB, pci bus id: 0000:0f:00.0, compute capability: 7.0)
2020-11-16 16:46:12.566394: I tensorflow/core/common_runtime/gpu/gpu_device.cc:1326] Created TensorFlow device (/job:localhost/replica:0/task:0/device:GPU:1 with 26199 MB memory) -> physical GPU (device: 1, name: Tesla V100-DGXS-32GB, pci bus id: 0000:08:00.0, compute capability: 7.0)
W1116 16:46:12.566702 140289097381696 deprecation_wrapper.py:119] From gen_control_Koopman_SHARA_addition.py:474: The name tf.global_variables_initializer is deprecated. Please use tf.compat.v1.global_variables_initializer instead.

W1116 16:46:12.566688 140311320561472 deprecation_wrapper.py:119] From gen_control_Koopman_SHARA_addition.py:370: The name tf.truncated_normal is deprecated. Please use tf.random.truncated_normal instead.

W1116 16:46:12.572236 139920323749696 deprecation_wrapper.py:119] From gen_control_Koopman_SHARA_addition.py:474: The name tf.global_variables_initializer is deprecated. Please use tf.compat.v1.global_variables_initializer instead.

2020-11-16 16:46:12.576103: I tensorflow/core/common_runtime/gpu/gpu_device.cc:1326] Created TensorFlow device (/job:localhost/replica:0/task:0/device:GPU:2 with 26199 MB memory) -> physical GPU (device: 2, name: Tesla V100-DGXS-32GB, pci bus id: 0000:0e:00.0, compute capability: 7.0)
2020-11-16 16:46:12.583598: I tensorflow/core/common_runtime/gpu/gpu_device.cc:1326] Created TensorFlow device (/job:localhost/replica:0/task:0/device:GPU:3 with 26199 MB memory) -> physical GPU (device: 3, name: Tesla V100-DGXS-32GB, pci bus id: 0000:0f:00.0, compute capability: 7.0)
W1116 16:46:12.587948 139782253610816 deprecation_wrapper.py:119] From gen_control_Koopman_SHARA_addition.py:436: The name tf.placeholder is deprecated. Please use tf.compat.v1.placeholder instead.

W1116 16:46:12.588355 139710198929216 deprecation_wrapper.py:119] From gen_control_Koopman_SHARA_addition.py:370: The name tf.truncated_normal is deprecated. Please use tf.random.truncated_normal instead.

W1116 16:46:12.591389 139782253610816 deprecation.py:506] From gen_control_Koopman_SHARA_addition.py:449: calling dropout (from tensorflow.python.ops.nn_ops) with keep_prob is deprecated and will be removed in a future version.
Instructions for updating:
Please use `rate` instead of `keep_prob`. Rate should be set to `rate = 1 - keep_prob`.
W1116 16:46:12.595512 140515352155968 deprecation_wrapper.py:119] From gen_control_Koopman_SHARA_addition.py:436: The name tf.placeholder is deprecated. Please use tf.compat.v1.placeholder instead.

W1116 16:46:12.599099 140515352155968 deprecation.py:506] From gen_control_Koopman_SHARA_addition.py:449: calling dropout (from tensorflow.python.ops.nn_ops) with keep_prob is deprecated and will be removed in a future version.
Instructions for updating:
Please use `rate` instead of `keep_prob`. Rate should be set to `rate = 1 - keep_prob`.
W1116 16:46:12.609678 139782253610816 deprecation_wrapper.py:119] From gen_control_Koopman_SHARA_addition.py:474: The name tf.global_variables_initializer is deprecated. Please use tf.compat.v1.global_variables_initializer instead.

W1116 16:46:12.618006 140515352155968 deprecation_wrapper.py:119] From gen_control_Koopman_SHARA_addition.py:474: The name tf.global_variables_initializer is deprecated. Please use tf.compat.v1.global_variables_initializer instead.

W1116 16:46:12.634231 139710198929216 deprecation_wrapper.py:119] From gen_control_Koopman_SHARA_addition.py:436: The name tf.placeholder is deprecated. Please use tf.compat.v1.placeholder instead.

W1116 16:46:12.637769 139710198929216 deprecation.py:506] From gen_control_Koopman_SHARA_addition.py:449: calling dropout (from tensorflow.python.ops.nn_ops) with keep_prob is deprecated and will be removed in a future version.
Instructions for updating:
Please use `rate` instead of `keep_prob`. Rate should be set to `rate = 1 - keep_prob`.
W1116 16:46:12.656502 139710198929216 deprecation_wrapper.py:119] From gen_control_Koopman_SHARA_addition.py:474: The name tf.global_variables_initializer is deprecated. Please use tf.compat.v1.global_variables_initializer instead.

W1116 16:46:12.680852 140578307020608 deprecation_wrapper.py:119] From gen_control_Koopman_SHARA_addition.py:436: The name tf.placeholder is deprecated. Please use tf.compat.v1.placeholder instead.

W1116 16:46:12.684476 140578307020608 deprecation.py:506] From gen_control_Koopman_SHARA_addition.py:449: calling dropout (from tensorflow.python.ops.nn_ops) with keep_prob is deprecated and will be removed in a future version.
Instructions for updating:
Please use `rate` instead of `keep_prob`. Rate should be set to `rate = 1 - keep_prob`.
W1116 16:46:12.703684 140311320561472 deprecation_wrapper.py:119] From gen_control_Koopman_SHARA_addition.py:436: The name tf.placeholder is deprecated. Please use tf.compat.v1.placeholder instead.

W1116 16:46:12.707314 140311320561472 deprecation.py:506] From gen_control_Koopman_SHARA_addition.py:449: calling dropout (from tensorflow.python.ops.nn_ops) with keep_prob is deprecated and will be removed in a future version.
Instructions for updating:
Please use `rate` instead of `keep_prob`. Rate should be set to `rate = 1 - keep_prob`.
W1116 16:46:12.719166 140578307020608 deprecation_wrapper.py:119] From gen_control_Koopman_SHARA_addition.py:474: The name tf.global_variables_initializer is deprecated. Please use tf.compat.v1.global_variables_initializer instead.

W1116 16:46:12.741797 140311320561472 deprecation_wrapper.py:119] From gen_control_Koopman_SHARA_addition.py:474: The name tf.global_variables_initializer is deprecated. Please use tf.compat.v1.global_variables_initializer instead.

W1116 16:46:13.008919 140150380754752 deprecation_wrapper.py:119] From gen_control_Koopman_SHARA_addition.py:634: The name tf.train.AdagradOptimizer is deprecated. Please use tf.compat.v1.train.AdagradOptimizer instead.

W1116 16:46:13.178817 140150380754752 deprecation.py:506] From /home/yeunglab/.local/lib/python3.6/site-packages/tensorflow/python/training/adagrad.py:76: calling Constant.__init__ (from tensorflow.python.ops.init_ops) with dtype is deprecated and will be removed in a future version.
Instructions for updating:
Call initializer instance with the dtype argument instead of passing it to the constructor
W1116 16:46:13.232636 140377349224256 deprecation_wrapper.py:119] From gen_control_Koopman_SHARA_addition.py:634: The name tf.train.AdagradOptimizer is deprecated. Please use tf.compat.v1.train.AdagradOptimizer instead.

W1116 16:46:13.272886 139782253610816 deprecation_wrapper.py:119] From gen_control_Koopman_SHARA_addition.py:634: The name tf.train.AdagradOptimizer is deprecated. Please use tf.compat.v1.train.AdagradOptimizer instead.

W1116 16:46:13.273841 140609686923072 deprecation_wrapper.py:119] From gen_control_Koopman_SHARA_addition.py:634: The name tf.train.AdagradOptimizer is deprecated. Please use tf.compat.v1.train.AdagradOptimizer instead.

W1116 16:46:13.278171 139920323749696 deprecation_wrapper.py:119] From gen_control_Koopman_SHARA_addition.py:634: The name tf.train.AdagradOptimizer is deprecated. Please use tf.compat.v1.train.AdagradOptimizer instead.

2020-11-16 16:46:13.279084: I tensorflow/stream_executor/platform/default/dso_loader.cc:42] Successfully opened dynamic library libcublas.so.10.0
W1116 16:46:13.293831 140289097381696 deprecation_wrapper.py:119] From gen_control_Koopman_SHARA_addition.py:634: The name tf.train.AdagradOptimizer is deprecated. Please use tf.compat.v1.train.AdagradOptimizer instead.

W1116 16:46:13.312680 140515352155968 deprecation_wrapper.py:119] From gen_control_Koopman_SHARA_addition.py:634: The name tf.train.AdagradOptimizer is deprecated. Please use tf.compat.v1.train.AdagradOptimizer instead.

W1116 16:46:13.323813 140429660911424 deprecation_wrapper.py:119] From gen_control_Koopman_SHARA_addition.py:634: The name tf.train.AdagradOptimizer is deprecated. Please use tf.compat.v1.train.AdagradOptimizer instead.

W1116 16:46:13.351986 139787132294976 deprecation_wrapper.py:119] From gen_control_Koopman_SHARA_addition.py:634: The name tf.train.AdagradOptimizer is deprecated. Please use tf.compat.v1.train.AdagradOptimizer instead.

W1116 16:46:13.358417 139710198929216 deprecation_wrapper.py:119] From gen_control_Koopman_SHARA_addition.py:634: The name tf.train.AdagradOptimizer is deprecated. Please use tf.compat.v1.train.AdagradOptimizer instead.

W1116 16:46:13.396449 140377349224256 deprecation.py:506] From /home/yeunglab/.local/lib/python3.6/site-packages/tensorflow/python/training/adagrad.py:76: calling Constant.__init__ (from tensorflow.python.ops.init_ops) with dtype is deprecated and will be removed in a future version.
Instructions for updating:
Call initializer instance with the dtype argument instead of passing it to the constructor
W1116 16:46:13.422213 140578307020608 deprecation_wrapper.py:119] From gen_control_Koopman_SHARA_addition.py:634: The name tf.train.AdagradOptimizer is deprecated. Please use tf.compat.v1.train.AdagradOptimizer instead.

W1116 16:46:13.436501 139782253610816 deprecation.py:506] From /home/yeunglab/.local/lib/python3.6/site-packages/tensorflow/python/training/adagrad.py:76: calling Constant.__init__ (from tensorflow.python.ops.init_ops) with dtype is deprecated and will be removed in a future version.
Instructions for updating:
Call initializer instance with the dtype argument instead of passing it to the constructor
W1116 16:46:13.437470 140609686923072 deprecation.py:506] From /home/yeunglab/.local/lib/python3.6/site-packages/tensorflow/python/training/adagrad.py:76: calling Constant.__init__ (from tensorflow.python.ops.init_ops) with dtype is deprecated and will be removed in a future version.
Instructions for updating:
Call initializer instance with the dtype argument instead of passing it to the constructor
W1116 16:46:13.446929 139920323749696 deprecation.py:506] From /home/yeunglab/.local/lib/python3.6/site-packages/tensorflow/python/training/adagrad.py:76: calling Constant.__init__ (from tensorflow.python.ops.init_ops) with dtype is deprecated and will be removed in a future version.
Instructions for updating:
Call initializer instance with the dtype argument instead of passing it to the constructor
W1116 16:46:13.458319 140311320561472 deprecation_wrapper.py:119] From gen_control_Koopman_SHARA_addition.py:634: The name tf.train.AdagradOptimizer is deprecated. Please use tf.compat.v1.train.AdagradOptimizer instead.

W1116 16:46:13.461353 140289097381696 deprecation.py:506] From /home/yeunglab/.local/lib/python3.6/site-packages/tensorflow/python/training/adagrad.py:76: calling Constant.__init__ (from tensorflow.python.ops.init_ops) with dtype is deprecated and will be removed in a future version.
Instructions for updating:
Call initializer instance with the dtype argument instead of passing it to the constructor
2020-11-16 16:46:13.493657: I tensorflow/stream_executor/platform/default/dso_loader.cc:42] Successfully opened dynamic library libcublas.so.10.0
W1116 16:46:13.495772 140429660911424 deprecation.py:506] From /home/yeunglab/.local/lib/python3.6/site-packages/tensorflow/python/training/adagrad.py:76: calling Constant.__init__ (from tensorflow.python.ops.init_ops) with dtype is deprecated and will be removed in a future version.
Instructions for updating:
Call initializer instance with the dtype argument instead of passing it to the constructor
W1116 16:46:13.502521 140515352155968 deprecation.py:506] From /home/yeunglab/.local/lib/python3.6/site-packages/tensorflow/python/training/adagrad.py:76: calling Constant.__init__ (from tensorflow.python.ops.init_ops) with dtype is deprecated and will be removed in a future version.
Instructions for updating:
Call initializer instance with the dtype argument instead of passing it to the constructor
2020-11-16 16:46:13.533342: I tensorflow/stream_executor/platform/default/dso_loader.cc:42] Successfully opened dynamic library libcublas.so.10.0
2020-11-16 16:46:13.535392: I tensorflow/stream_executor/platform/default/dso_loader.cc:42] Successfully opened dynamic library libcublas.so.10.0
W1116 16:46:13.539571 139710198929216 deprecation.py:506] From /home/yeunglab/.local/lib/python3.6/site-packages/tensorflow/python/training/adagrad.py:76: calling Constant.__init__ (from tensorflow.python.ops.init_ops) with dtype is deprecated and will be removed in a future version.
Instructions for updating:
Call initializer instance with the dtype argument instead of passing it to the constructor
2020-11-16 16:46:13.546230: I tensorflow/stream_executor/platform/default/dso_loader.cc:42] Successfully opened dynamic library libcublas.so.10.0
2020-11-16 16:46:13.561237: I tensorflow/stream_executor/platform/default/dso_loader.cc:42] Successfully opened dynamic library libcublas.so.10.0
2020-11-16 16:46:13.602470: I tensorflow/stream_executor/platform/default/dso_loader.cc:42] Successfully opened dynamic library libcublas.so.10.0
2020-11-16 16:46:13.602602: I tensorflow/stream_executor/platform/default/dso_loader.cc:42] Successfully opened dynamic library libcublas.so.10.0
2020-11-16 16:46:13.640489: I tensorflow/stream_executor/platform/default/dso_loader.cc:42] Successfully opened dynamic library libcublas.so.10.0
W1116 16:46:13.690317 139787132294976 deprecation.py:506] From /home/yeunglab/.local/lib/python3.6/site-packages/tensorflow/python/training/adagrad.py:76: calling Constant.__init__ (from tensorflow.python.ops.init_ops) with dtype is deprecated and will be removed in a future version.
Instructions for updating:
Call initializer instance with the dtype argument instead of passing it to the constructor
W1116 16:46:13.743777 140578307020608 deprecation.py:506] From /home/yeunglab/.local/lib/python3.6/site-packages/tensorflow/python/training/adagrad.py:76: calling Constant.__init__ (from tensorflow.python.ops.init_ops) with dtype is deprecated and will be removed in a future version.
Instructions for updating:
Call initializer instance with the dtype argument instead of passing it to the constructor
W1116 16:46:13.802244 140311320561472 deprecation.py:506] From /home/yeunglab/.local/lib/python3.6/site-packages/tensorflow/python/training/adagrad.py:76: calling Constant.__init__ (from tensorflow.python.ops.init_ops) with dtype is deprecated and will be removed in a future version.
Instructions for updating:
Call initializer instance with the dtype argument instead of passing it to the constructor
2020-11-16 16:46:13.992799: I tensorflow/stream_executor/platform/default/dso_loader.cc:42] Successfully opened dynamic library libcublas.so.10.0
2020-11-16 16:46:14.064519: I tensorflow/stream_executor/platform/default/dso_loader.cc:42] Successfully opened dynamic library libcublas.so.10.0
2020-11-16 16:46:14.097598: I tensorflow/stream_executor/platform/default/dso_loader.cc:42] Successfully opened dynamic library libcublas.so.10.0
All sessions are complete
=======================================================
